#
# There is insufficient memory for the Java Runtime Environment to continue.
# Native memory allocation (malloc) failed to allocate 2113568 bytes for Chunk::new
# Possible reasons:
#   The system is out of physical RAM or swap space
#   The process is running with CompressedOops enabled, and the Java Heap may be blocking the growth of the native heap
# Possible solutions:
#   Reduce memory load on the system
#   Increase physical memory or swap space
#   Check if swap backing store is full
#   Decrease Java heap size (-Xmx/-Xms)
#   Decrease number of Java threads
#   Decrease Java thread stack sizes (-Xss)
#   Set larger code cache with -XX:ReservedCodeCacheSize=
#   JVM is running with Zero Based Compressed Oops mode in which the Java heap is
#     placed in the first 32GB address space. The Java Heap base address is the
#     maximum limit for the native heap growth. Please use -XX:HeapBaseMinAddress
#     to set the Java Heap base and to place the Java Heap above 32GB virtual address.
# This output file may be truncated or incomplete.
#
#  Out of Memory Error (allocation.cpp:389), pid=8292, tid=0x0000000000000af8
#
# JRE version: Java(TM) SE Runtime Environment (8.0_261-b12) (build 1.8.0_261-b12)
# Java VM: Java HotSpot(TM) 64-Bit Server VM (25.261-b12 mixed mode windows-amd64 compressed oops)
# Failed to write core dump. Minidumps are not enabled by default on client versions of Windows
#

---------------  T H R E A D  ---------------

Current thread (0x000000001e5f9800):  JavaThread "C2 CompilerThread1" daemon [_thread_in_native, id=2808, stack(0x000000001f2d0000,0x000000001f3d0000)]

Stack: [0x000000001f2d0000,0x000000001f3d0000]
Native frames: (J=compiled Java code, j=interpreted, Vv=VM code, C=native code)
V  [jvm.dll+0x33e5f9]
V  [jvm.dll+0x2850e2]
V  [jvm.dll+0x285d8d]
V  [jvm.dll+0x27c895]
V  [jvm.dll+0xe4d6c]
V  [jvm.dll+0xe556c]
V  [jvm.dll+0x47ed35]
V  [jvm.dll+0x446900]
V  [jvm.dll+0x44f8f5]
V  [jvm.dll+0x44ecb5]
V  [jvm.dll+0x439bc7]
V  [jvm.dll+0xbbbcb]
V  [jvm.dll+0xba22b]
V  [jvm.dll+0x24d962]
V  [jvm.dll+0x2a1cfc]
C  [ucrtbase.dll+0x14ea0]
C  [KERNEL32.DLL+0x2e8d7]
C  [ntdll.dll+0xdfbcc]


Current CompileTask:
C2:  29783 6793   !   4       org.springframework.util.ClassUtils::getMostSpecificMethod (72 bytes)


---------------  P R O C E S S  ---------------

Java Threads: ( => current thread )
  0x0000000021b91000 JavaThread "H2 TCP Server (tcp://192.168.137.12:9092)" [_thread_in_native, id=17260, stack(0x0000000037cc0000,0x0000000037dc0000)]
  0x000000003a252800 JavaThread "container-0" [_thread_blocked, id=19436, stack(0x0000000038100000,0x0000000038200000)]
  0x000000003a255800 JavaThread "Catalina-utility-2" [_thread_blocked, id=22416, stack(0x0000000038000000,0x0000000038100000)]
  0x000000003a251800 JavaThread "Catalina-utility-1" [_thread_blocked, id=8748, stack(0x0000000036b70000,0x0000000036c70000)]
  0x000000003a254800 JavaThread "hz.elated_turing.cached.thread-28" [_thread_blocked, id=2040, stack(0x0000000036a70000,0x0000000036b70000)]
  0x000000003a254000 JavaThread "hz.elated_turing.cached.thread-27" [_thread_blocked, id=21064, stack(0x0000000036970000,0x0000000036a70000)]
  0x000000003a253000 JavaThread "hz.elated_turing.cached.thread-26" [_thread_blocked, id=23288, stack(0x0000000036870000,0x0000000036970000)]
  0x000000003a24e000 JavaThread "hz.elated_turing.cached.thread-25" [_thread_blocked, id=4476, stack(0x0000000036770000,0x0000000036870000)]
  0x000000003a251000 JavaThread "hz.elated_turing.cached.thread-24" [_thread_blocked, id=16772, stack(0x0000000036670000,0x0000000036770000)]
  0x000000003a24d000 JavaThread "hz.elated_turing.cached.thread-23" [_thread_blocked, id=11348, stack(0x0000000036570000,0x0000000036670000)]
  0x000000003a250000 JavaThread "hz.elated_turing.cached.thread-22" [_thread_blocked, id=23556, stack(0x0000000036470000,0x0000000036570000)]
  0x000000003a24c800 JavaThread "hz.elated_turing.cached.thread-21" [_thread_blocked, id=4736, stack(0x0000000036370000,0x0000000036470000)]
  0x000000003a24f800 JavaThread "hz.elated_turing.cached.thread-20" [_thread_blocked, id=21128, stack(0x0000000036270000,0x0000000036370000)]
  0x000000003a24b800 JavaThread "hz.elated_turing.cached.thread-19" [_thread_blocked, id=6684, stack(0x0000000036170000,0x0000000036270000)]
  0x000000003a24e800 JavaThread "hz.elated_turing.cached.thread-18" [_thread_blocked, id=23056, stack(0x0000000036070000,0x0000000036170000)]
  0x000000003a247800 JavaThread "hz.elated_turing.cached.thread-17" [_thread_blocked, id=19324, stack(0x0000000035f70000,0x0000000036070000)]
  0x000000003a24b000 JavaThread "hz.elated_turing.cached.thread-16" [_thread_blocked, id=19924, stack(0x0000000035e70000,0x0000000035f70000)]
  0x000000003a248800 JavaThread "hz.elated_turing.cached.thread-15" [_thread_blocked, id=8048, stack(0x0000000035d70000,0x0000000035e70000)]
  0x000000003a247000 JavaThread "hz.elated_turing.cached.thread-14" [_thread_blocked, id=1592, stack(0x00000000359e0000,0x0000000035ae0000)]
  0x000000003a24a000 JavaThread "hz.elated_turing.cached.thread-13" [_thread_blocked, id=24032, stack(0x00000000358e0000,0x00000000359e0000)]
  0x000000003a249000 JavaThread "hz.elated_turing.cached.thread-12" [_thread_blocked, id=18308, stack(0x000000002fff0000,0x00000000300f0000)]
  0x000000003a246000 JavaThread "hz.elated_turing.cached.thread-11" [_thread_blocked, id=20348, stack(0x00000000355b0000,0x00000000356b0000)]
  0x0000000021b94800 JavaThread "hz.elated_turing.cached.thread-10" [_thread_blocked, id=24200, stack(0x0000000035280000,0x0000000035380000)]
  0x0000000021b93000 JavaThread "hz.elated_turing.cached.thread-9" [_thread_blocked, id=19760, stack(0x00000000327d0000,0x00000000328d0000)]
  0x0000000021b8f800 JavaThread "hz.elated_turing.cached.thread-8" [_thread_blocked, id=3632, stack(0x000000002f410000,0x000000002f510000)]
  0x0000000021b95800 JavaThread "H2-save" daemon [_thread_blocked, id=22812, stack(0x00000000323f0000,0x00000000324f0000)]
  0x0000000021b94000 JavaThread "H2-serialization" daemon [_thread_blocked, id=20660, stack(0x00000000312d0000,0x00000000313d0000)]
  0x0000000021b92800 JavaThread "HikariPool-1 housekeeper" daemon [_thread_blocked, id=4452, stack(0x000000002fef0000,0x000000002fff0000)]
  0x0000000021b90000 JavaThread "MVStore background writer C:/Users/user/OneDrive/ether/ether.mv.db" daemon [_thread_blocked, id=4232, stack(0x000000002fdf0000,0x000000002fef0000)]
  0x0000000021b91800 JavaThread "H2 TCP Server (tcp://192.168.137.12:6006)" daemon [_thread_in_native, id=16640, stack(0x000000002f610000,0x000000002f710000)]
  0x0000000021b8c000 JavaThread "H2 File Lock Watchdog C:/Users/user/OneDrive/ether/ether.lock.db" daemon [_thread_blocked, id=16440, stack(0x000000002f510000,0x000000002f610000)]
  0x0000000021b8d000 JavaThread "hz.elated_turing.cached.thread-7" [_thread_blocked, id=10096, stack(0x000000002f8f0000,0x000000002f9f0000)]
  0x0000000021b8e000 JavaThread "hz.elated_turing.cached.thread-6" [_thread_blocked, id=20436, stack(0x000000002f7f0000,0x000000002f8f0000)]
  0x0000000021b8b800 JavaThread "hz.elated_turing.cached.thread-5" [_thread_blocked, id=5152, stack(0x000000002f0b0000,0x000000002f1b0000)]
  0x0000000021b8e800 JavaThread "hz.elated_turing.HealthMonitor" daemon [_thread_blocked, id=23280, stack(0x000000002eeb0000,0x000000002efb0000)]
  0x0000000021b8a800 JavaThread "hz.elated_turing.cached.thread-4" [_thread_blocked, id=15756, stack(0x000000002e930000,0x000000002ea30000)]
  0x0000000021b87000 JavaThread "hz.elated_turing.MulticastThread" [_thread_in_native, id=22400, stack(0x000000002e830000,0x000000002e930000)]
  0x0000000021b8a000 JavaThread "hz.elated_turing.IO.thread-Acceptor" [_thread_in_native, id=8068, stack(0x000000002e730000,0x000000002e830000)]
  0x0000000021b86000 JavaThread "hz.elated_turing.IO.BalancerThread" [_thread_blocked, id=23084, stack(0x000000002e630000,0x000000002e730000)]
  0x0000000021b89000 JavaThread "hz.elated_turing.IO.thread-out-2" [_thread_in_native, id=17436, stack(0x000000002e530000,0x000000002e630000)]
  0x0000000021b88800 JavaThread "hz.elated_turing.IO.thread-out-1" [_thread_in_native, id=23948, stack(0x000000002e430000,0x000000002e530000)]
  0x0000000021b87800 JavaThread "hz.elated_turing.IO.thread-out-0" [_thread_in_native, id=16692, stack(0x000000002e330000,0x000000002e430000)]
  0x000000001ff0f000 JavaThread "hz.elated_turing.IO.thread-in-2" [_thread_in_native, id=23152, stack(0x000000002e230000,0x000000002e330000)]
  0x000000001ff0d800 JavaThread "hz.elated_turing.IO.thread-in-1" [_thread_in_native, id=24484, stack(0x000000002e130000,0x000000002e230000)]
  0x000000001ff0e000 JavaThread "hz.elated_turing.IO.thread-in-0" [_thread_in_native, id=21024, stack(0x000000002e030000,0x000000002e130000)]
  0x000000001ff09800 JavaThread "elated_turing-query-state-checker" daemon [_thread_blocked, id=16528, stack(0x000000002df30000,0x000000002e030000)]
  0x000000001ff0c800 JavaThread "hz.elated_turing.SlowOperationDetectorThread" [_thread_blocked, id=16812, stack(0x000000002de30000,0x000000002df30000)]
  0x000000001ff0c000 JavaThread "hz.elated_turing.response-1" [_thread_blocked, id=23964, stack(0x000000002dd30000,0x000000002de30000)]
  0x000000001ff0a800 JavaThread "hz.elated_turing.response-0" [_thread_blocked, id=4288, stack(0x000000002dc30000,0x000000002dd30000)]
  0x000000001ff0b000 JavaThread "hz.elated_turing.generic-operation.thread-5" [_thread_blocked, id=5752, stack(0x000000002db30000,0x000000002dc30000)]
  0x000000001ff09000 JavaThread "hz.elated_turing.generic-operation.thread-4" [_thread_blocked, id=15840, stack(0x000000002da30000,0x000000002db30000)]
  0x000000001ff08000 JavaThread "hz.elated_turing.generic-operation.thread-3" [_thread_blocked, id=21596, stack(0x000000002d930000,0x000000002da30000)]
  0x000000001ff04800 JavaThread "hz.elated_turing.generic-operation.thread-2" [_thread_blocked, id=24232, stack(0x000000002d830000,0x000000002d930000)]
  0x000000001ff07800 JavaThread "hz.elated_turing.generic-operation.thread-1" [_thread_blocked, id=19968, stack(0x000000002d730000,0x000000002d830000)]
  0x000000001ff03800 JavaThread "hz.elated_turing.generic-operation.thread-0" [_thread_blocked, id=23200, stack(0x000000002d630000,0x000000002d730000)]
  0x000000001ff06000 JavaThread "hz.elated_turing.priority-generic-operation.thread-0" [_thread_blocked, id=5820, stack(0x000000002d530000,0x000000002d630000)]
  0x000000001ff06800 JavaThread "hz.elated_turing.partition-operation.thread-11" [_thread_blocked, id=23604, stack(0x000000002d430000,0x000000002d530000)]
  0x000000001ff05000 JavaThread "hz.elated_turing.partition-operation.thread-10" [_thread_blocked, id=21392, stack(0x000000002d330000,0x000000002d430000)]
  0x000000001ff01800 JavaThread "hz.elated_turing.partition-operation.thread-9" [_thread_blocked, id=13872, stack(0x000000002d230000,0x000000002d330000)]
  0x000000001ff02000 JavaThread "hz.elated_turing.partition-operation.thread-8" [_thread_blocked, id=8232, stack(0x000000002d130000,0x000000002d230000)]
  0x000000001ff00000 JavaThread "hz.elated_turing.partition-operation.thread-7" [_thread_blocked, id=19704, stack(0x000000002d030000,0x000000002d130000)]
  0x000000001ff03000 JavaThread "hz.elated_turing.partition-operation.thread-6" [_thread_blocked, id=14740, stack(0x000000002cf30000,0x000000002d030000)]
  0x000000001ff00800 JavaThread "hz.elated_turing.partition-operation.thread-5" [_thread_blocked, id=18616, stack(0x000000002ce30000,0x000000002cf30000)]
  0x000000001f8c9000 JavaThread "hz.elated_turing.partition-operation.thread-4" [_thread_blocked, id=24380, stack(0x000000002cd30000,0x000000002ce30000)]
  0x000000001f8c9800 JavaThread "hz.elated_turing.partition-operation.thread-3" [_thread_blocked, id=17080, stack(0x000000002cc30000,0x000000002cd30000)]
  0x000000001f8c8000 JavaThread "hz.elated_turing.partition-operation.thread-2" [_thread_blocked, id=2560, stack(0x000000002cb30000,0x000000002cc30000)]
  0x000000001f8c4800 JavaThread "hz.elated_turing.partition-operation.thread-1" [_thread_blocked, id=20604, stack(0x000000002ca30000,0x000000002cb30000)]
  0x000000001f8c6800 JavaThread "hz.elated_turing.partition-operation.thread-0" [_thread_blocked, id=8528, stack(0x000000002c930000,0x000000002ca30000)]
  0x000000001f8c7800 JavaThread "hz.elated_turing.InvocationMonitorThread" [_thread_blocked, id=17056, stack(0x000000002c830000,0x000000002c930000)]
  0x000000001f8c3800 JavaThread "hz.elated_turing.migration" [_thread_blocked, id=23848, stack(0x000000002c730000,0x000000002c830000)]
  0x000000001f8c3000 JavaThread "hz.elated_turing.MetricsRegistry.thread-2" [_thread_blocked, id=21800, stack(0x000000002c430000,0x000000002c530000)]
  0x000000001f8c6000 JavaThread "hz.elated_turing.MetricsRegistry.thread-1" [_thread_blocked, id=23896, stack(0x000000002c330000,0x000000002c430000)]
  0x000000001f8c5000 JavaThread "hz.elated_turing.cached.thread-3" [_thread_blocked, id=11124, stack(0x000000002be30000,0x000000002bf30000)]
  0x0000000026031800 JavaThread "hz.elated_turing.cached.thread-2" [_thread_blocked, id=4516, stack(0x000000002bd30000,0x000000002be30000)]
  0x000000002602e800 JavaThread "hz.elated_turing.cached.thread-1" [_thread_blocked, id=9644, stack(0x000000002bc30000,0x000000002bd30000)]
  0x0000000026031000 JavaThread "hz.elated_turing.operation-parker" [_thread_blocked, id=3136, stack(0x000000002bb30000,0x000000002bc30000)]
  0x0000000026030000 JavaThread "hz.elated_turing.event-5" [_thread_blocked, id=20744, stack(0x000000002ba30000,0x000000002bb30000)]
  0x000000002602f800 JavaThread "hz.elated_turing.event-4" [_thread_blocked, id=16780, stack(0x000000002b930000,0x000000002ba30000)]
  0x000000002602b000 JavaThread "hz.elated_turing.event-3" [_thread_blocked, id=15680, stack(0x000000002b830000,0x000000002b930000)]
  0x000000002602e000 JavaThread "hz.elated_turing.event-2" [_thread_blocked, id=10768, stack(0x000000002b730000,0x000000002b830000)]
  0x000000002602d000 JavaThread "hz.elated_turing.event-1" [_thread_blocked, id=23472, stack(0x0000000029df0000,0x0000000029ef0000)]
  0x000000002602c800 JavaThread "hz.elated_turing.scheduled.thread-" [_thread_blocked, id=7500, stack(0x0000000024ed0000,0x0000000024fd0000)]
  0x0000000029481000 JavaThread "JMX server connection timeout 24" daemon [_thread_blocked, id=4992, stack(0x0000000028640000,0x0000000028740000)]
  0x00000000261a4800 JavaThread "RMI TCP Connection(2)-127.0.0.1" daemon [_thread_in_vm, id=20252, stack(0x00000000241a0000,0x00000000242a0000)]
  0x0000000023723000 JavaThread "RMI Scheduler(0)" daemon [_thread_blocked, id=23780, stack(0x0000000022ff0000,0x00000000230f0000)]
  0x00000000239fe800 JavaThread "RMI TCP Connection(3)-127.0.0.1" daemon [_thread_in_native, id=6112, stack(0x0000000022c70000,0x0000000022d70000)]
  0x00000000200eb800 JavaThread "RMI TCP Accept-0" daemon [_thread_in_native, id=16428, stack(0x00000000210a0000,0x00000000211a0000)]
  0x00000000204e9800 JavaThread "RMI TCP Accept-5751" daemon [_thread_in_native, id=4720, stack(0x0000000020fa0000,0x00000000210a0000)]
  0x00000000204ef000 JavaThread "RMI TCP Accept-0" daemon [_thread_in_native, id=20304, stack(0x0000000020ea0000,0x0000000020fa0000)]
  0x000000001e69c000 JavaThread "Service Thread" daemon [_thread_blocked, id=18728, stack(0x000000001f5d0000,0x000000001f6d0000)]
  0x000000001e5fd000 JavaThread "C1 CompilerThread3" daemon [_thread_in_native, id=19172, stack(0x000000001f4d0000,0x000000001f5d0000)]
  0x000000001e5fa000 JavaThread "C2 CompilerThread2" daemon [_thread_in_native, id=13380, stack(0x000000001f3d0000,0x000000001f4d0000)]
=>0x000000001e5f9800 JavaThread "C2 CompilerThread1" daemon [_thread_in_native, id=2808, stack(0x000000001f2d0000,0x000000001f3d0000)]
  0x000000001e5f8000 JavaThread "C2 CompilerThread0" daemon [_thread_in_native, id=19732, stack(0x000000001f1d0000,0x000000001f2d0000)]
  0x000000001e5e6000 JavaThread "JDWP Command Reader" daemon [_thread_in_native, id=16912, stack(0x000000001f0d0000,0x000000001f1d0000)]
  0x000000001e5e1000 JavaThread "JDWP Event Helper Thread" daemon [_thread_blocked, id=5260, stack(0x000000001efd0000,0x000000001f0d0000)]
  0x000000001e5dd000 JavaThread "JDWP Transport Listener: dt_socket" daemon [_thread_blocked, id=17628, stack(0x000000001eed0000,0x000000001efd0000)]
  0x000000001be97800 JavaThread "Attach Listener" daemon [_thread_blocked, id=16092, stack(0x000000001ea90000,0x000000001eb90000)]
  0x000000001be96800 JavaThread "Signal Dispatcher" daemon [_thread_blocked, id=24164, stack(0x000000001e990000,0x000000001ea90000)]
  0x000000001be68800 JavaThread "Finalizer" daemon [_thread_blocked, id=15956, stack(0x000000001e420000,0x000000001e520000)]
  0x000000001be61000 JavaThread "Reference Handler" daemon [_thread_blocked, id=8876, stack(0x000000001e320000,0x000000001e420000)]
  0x00000000005c3800 JavaThread "main" [_thread_in_Java, id=22880, stack(0x00000000009f0000,0x0000000000af0000)]

Other Threads:
  0x000000001be34800 VMThread [stack: 0x000000001e220000,0x000000001e320000] [id=23428]
  0x00000000200ed000 WatcherThread [stack: 0x00000000212a0000,0x00000000213a0000] [id=22136]

VM state:not at safepoint (normal execution)

VM Mutex/Monitor currently owned by a thread: None

heap address: 0x00000006c4e00000, size: 4018 MB, Compressed Oops mode: Zero based, Oop shift amount: 3
Narrow klass base: 0x0000000000000000, Narrow klass shift: 3
Compressed class space size: 1073741824 Address: 0x00000007c0000000

Heap:
 PSYoungGen      total 396288K, used 154357K [0x000000076c500000, 0x0000000787480000, 0x00000007c0000000)
  eden space 375296K, 41% used [0x000000076c500000,0x0000000775bbd708,0x0000000783380000)
  from space 20992K, 0% used [0x0000000783380000,0x0000000783380000,0x0000000784800000)
  to   space 17408K, 0% used [0x0000000784800000,0x0000000784800000,0x0000000785900000)
 ParOldGen       total 256000K, used 45583K [0x00000006c4e00000, 0x00000006d4800000, 0x000000076c500000)
  object space 256000K, 17% used [0x00000006c4e00000,0x00000006c7a83d00,0x00000006d4800000)
 Metaspace       used 97016K, capacity 103840K, committed 103936K, reserved 1138688K
  class space    used 13519K, capacity 14792K, committed 14848K, reserved 1048576K

Card table byte_map: [0x0000000011830000,0x0000000012010000] byte_map_base: 0x000000000e209000

Marking Bits: (ParMarkBitMap*) 0x000000005aa54fb0
 Begin Bits: [0x0000000012e50000, 0x0000000016d18000)
 End Bits:   [0x0000000016d18000, 0x000000001abe0000)

Polling page: 0x0000000000550000

CodeCache: size=245760Kb used=22658Kb max_used=22658Kb free=223101Kb
 bounds [0x0000000002470000, 0x0000000003ab0000, 0x0000000011470000]
 total_blobs=6584 nmethods=5876 adapters=627
 compilation: enabled

Compilation events (10 events):
Event: 27.990 Thread 0x000000001e5fd000 6938       3       org.h2.mvstore.FileStore::getReadCount (8 bytes)
Event: 27.990 Thread 0x000000001e5fd000 nmethod 6938 0x0000000003a51f90 code [0x0000000003a52100, 0x0000000003a52350]
Event: 28.480 Thread 0x000000001e5fd000 6939       3       java.lang.Integer::bitCount (49 bytes)
Event: 28.480 Thread 0x000000001e5fd000 nmethod 6939 0x0000000003a51c50 code [0x0000000003a51da0, 0x0000000003a51f10]
Event: 28.496 Thread 0x000000001e5fd000 6940       3       java.util.concurrent.ScheduledThreadPoolExecutor$DelayedWorkQueue::siftDown (121 bytes)
Event: 28.497 Thread 0x000000001e5fd000 nmethod 6940 0x0000000003a660d0 code [0x0000000003a662c0, 0x0000000003a66fd8]
Event: 28.544 Thread 0x000000001e5fd000 6941       3       org.h2.mvstore.Chunk::isLive (13 bytes)
Event: 28.544 Thread 0x000000001e5fd000 nmethod 6941 0x0000000003a518d0 code [0x0000000003a51a20, 0x0000000003a51bd0]
Event: 28.567 Thread 0x000000001e5fd000 6942   !   3       java.net.AbstractPlainSocketImpl::releaseFD (74 bytes)
Event: 28.567 Thread 0x000000001e5fd000 nmethod 6942 0x0000000003a50f50 code [0x0000000003a510e0, 0x0000000003a51708]

GC Heap History (10 events):
Event: 10.257 GC heap before
{Heap before GC invocations=11 (full 2):
 PSYoungGen      total 291840K, used 122669K [0x000000076c500000, 0x0000000780700000, 0x00000007c0000000)
  eden space 279040K, 39% used [0x000000076c500000,0x0000000773053438,0x000000077d580000)
  from space 12800K, 99% used [0x000000077fa80000,0x00000007806f81d0,0x0000000780700000)
  to   space 15360K, 0% used [0x000000077e900000,0x000000077e900000,0x000000077f800000)
 ParOldGen       total 145920K, used 17794K [0x00000006c4e00000, 0x00000006cdc80000, 0x000000076c500000)
  object space 145920K, 12% used [0x00000006c4e00000,0x00000006c5f60bd8,0x00000006cdc80000)
 Metaspace       used 56105K, capacity 59038K, committed 59096K, reserved 1099776K
  class space    used 7542K, capacity 8265K, committed 8320K, reserved 1048576K
Event: 10.268 GC heap after
Heap after GC invocations=11 (full 2):
 PSYoungGen      total 314368K, used 15357K [0x000000076c500000, 0x0000000785900000, 0x00000007c0000000)
  eden space 299008K, 0% used [0x000000076c500000,0x000000076c500000,0x000000077e900000)
  from space 15360K, 99% used [0x000000077e900000,0x000000077f7ff5a0,0x000000077f800000)
  to   space 17408K, 0% used [0x0000000784800000,0x0000000784800000,0x0000000785900000)
 ParOldGen       total 145920K, used 17981K [0x00000006c4e00000, 0x00000006cdc80000, 0x000000076c500000)
  object space 145920K, 12% used [0x00000006c4e00000,0x00000006c5f8f4b0,0x00000006cdc80000)
 Metaspace       used 56105K, capacity 59038K, committed 59096K, reserved 1099776K
  class space    used 7542K, capacity 8265K, committed 8320K, reserved 1048576K
}
Event: 10.268 GC heap before
{Heap before GC invocations=12 (full 3):
 PSYoungGen      total 314368K, used 15357K [0x000000076c500000, 0x0000000785900000, 0x00000007c0000000)
  eden space 299008K, 0% used [0x000000076c500000,0x000000076c500000,0x000000077e900000)
  from space 15360K, 99% used [0x000000077e900000,0x000000077f7ff5a0,0x000000077f800000)
  to   space 17408K, 0% used [0x0000000784800000,0x0000000784800000,0x0000000785900000)
 ParOldGen       total 145920K, used 17981K [0x00000006c4e00000, 0x00000006cdc80000, 0x000000076c500000)
  object space 145920K, 12% used [0x00000006c4e00000,0x00000006c5f8f4b0,0x00000006cdc80000)
 Metaspace       used 56105K, capacity 59038K, committed 59096K, reserved 1099776K
  class space    used 7542K, capacity 8265K, committed 8320K, reserved 1048576K
Event: 10.387 GC heap after
Heap after GC invocations=12 (full 3):
 PSYoungGen      total 314368K, used 0K [0x000000076c500000, 0x0000000785900000, 0x00000007c0000000)
  eden space 299008K, 0% used [0x000000076c500000,0x000000076c500000,0x000000077e900000)
  from space 15360K, 0% used [0x000000077e900000,0x000000077e900000,0x000000077f800000)
  to   space 17408K, 0% used [0x0000000784800000,0x0000000784800000,0x0000000785900000)
 ParOldGen       total 188416K, used 25953K [0x00000006c4e00000, 0x00000006d0600000, 0x000000076c500000)
  object space 188416K, 13% used [0x00000006c4e00000,0x00000006c67585f0,0x00000006d0600000)
 Metaspace       used 56105K, capacity 59038K, committed 59096K, reserved 1099776K
  class space    used 7542K, capacity 8265K, committed 8320K, reserved 1048576K
}
Event: 18.822 GC heap before
{Heap before GC invocations=13 (full 3):
 PSYoungGen      total 314368K, used 299008K [0x000000076c500000, 0x0000000785900000, 0x00000007c0000000)
  eden space 299008K, 100% used [0x000000076c500000,0x000000077e900000,0x000000077e900000)
  from space 15360K, 0% used [0x000000077e900000,0x000000077e900000,0x000000077f800000)
  to   space 17408K, 0% used [0x0000000784800000,0x0000000784800000,0x0000000785900000)
 ParOldGen       total 188416K, used 25953K [0x00000006c4e00000, 0x00000006d0600000, 0x000000076c500000)
  object space 188416K, 13% used [0x00000006c4e00000,0x00000006c67585f0,0x00000006d0600000)
 Metaspace       used 76745K, capacity 81662K, committed 82048K, reserved 1120256K
  class space    used 10513K, capacity 11529K, committed 11648K, reserved 1048576K
Event: 18.837 GC heap after
Heap after GC invocations=13 (full 3):
 PSYoungGen      total 392704K, used 17380K [0x000000076c500000, 0x0000000787480000, 0x00000007c0000000)
  eden space 375296K, 0% used [0x000000076c500000,0x000000076c500000,0x0000000783380000)
  from space 17408K, 99% used [0x0000000784800000,0x00000007858f9340,0x0000000785900000)
  to   space 20992K, 0% used [0x0000000783380000,0x0000000783380000,0x0000000784800000)
 ParOldGen       total 188416K, used 30440K [0x00000006c4e00000, 0x00000006d0600000, 0x000000076c500000)
  object space 188416K, 16% used [0x00000006c4e00000,0x00000006c6bba2c8,0x00000006d0600000)
 Metaspace       used 76745K, capacity 81662K, committed 82048K, reserved 1120256K
  class space    used 10513K, capacity 11529K, committed 11648K, reserved 1048576K
}
Event: 23.433 GC heap before
{Heap before GC invocations=14 (full 3):
 PSYoungGen      total 392704K, used 387903K [0x000000076c500000, 0x0000000787480000, 0x00000007c0000000)
  eden space 375296K, 98% used [0x000000076c500000,0x0000000782ed6998,0x0000000783380000)
  from space 17408K, 99% used [0x0000000784800000,0x00000007858f9340,0x0000000785900000)
  to   space 20992K, 0% used [0x0000000783380000,0x0000000783380000,0x0000000784800000)
 ParOldGen       total 188416K, used 30440K [0x00000006c4e00000, 0x00000006d0600000, 0x000000076c500000)
  object space 188416K, 16% used [0x00000006c4e00000,0x00000006c6bba2c8,0x00000006d0600000)
 Metaspace       used 92143K, capacity 98388K, committed 98496K, reserved 1134592K
  class space    used 12762K, capacity 13940K, committed 13952K, reserved 1048576K
Event: 25.459 GC heap after
Heap after GC invocations=14 (full 3):
 PSYoungGen      total 396288K, used 17798K [0x000000076c500000, 0x0000000787480000, 0x00000007c0000000)
  eden space 375296K, 0% used [0x000000076c500000,0x000000076c500000,0x0000000783380000)
  from space 20992K, 84% used [0x0000000783380000,0x00000007844e1af8,0x0000000784800000)
  to   space 17408K, 0% used [0x0000000784800000,0x0000000784800000,0x0000000785900000)
 ParOldGen       total 188416K, used 38309K [0x00000006c4e00000, 0x00000006d0600000, 0x000000076c500000)
  object space 188416K, 20% used [0x00000006c4e00000,0x00000006c7369660,0x00000006d0600000)
 Metaspace       used 92143K, capacity 98388K, committed 98496K, reserved 1134592K
  class space    used 12762K, capacity 13940K, committed 13952K, reserved 1048576K
}
Event: 25.459 GC heap before
{Heap before GC invocations=15 (full 4):
 PSYoungGen      total 396288K, used 17798K [0x000000076c500000, 0x0000000787480000, 0x00000007c0000000)
  eden space 375296K, 0% used [0x000000076c500000,0x000000076c500000,0x0000000783380000)
  from space 20992K, 84% used [0x0000000783380000,0x00000007844e1af8,0x0000000784800000)
  to   space 17408K, 0% used [0x0000000784800000,0x0000000784800000,0x0000000785900000)
 ParOldGen       total 188416K, used 38309K [0x00000006c4e00000, 0x00000006d0600000, 0x000000076c500000)
  object space 188416K, 20% used [0x00000006c4e00000,0x00000006c7369660,0x00000006d0600000)
 Metaspace       used 92143K, capacity 98388K, committed 98496K, reserved 1134592K
  class space    used 12762K, capacity 13940K, committed 13952K, reserved 1048576K
Event: 26.563 GC heap after
Heap after GC invocations=15 (full 4):
 PSYoungGen      total 396288K, used 0K [0x000000076c500000, 0x0000000787480000, 0x00000007c0000000)
  eden space 375296K, 0% used [0x000000076c500000,0x000000076c500000,0x0000000783380000)
  from space 20992K, 0% used [0x0000000783380000,0x0000000783380000,0x0000000784800000)
  to   space 17408K, 0% used [0x0000000784800000,0x0000000784800000,0x0000000785900000)
 ParOldGen       total 256000K, used 45583K [0x00000006c4e00000, 0x00000006d4800000, 0x000000076c500000)
  object space 256000K, 17% used [0x00000006c4e00000,0x00000006c7a83d00,0x00000006d4800000)
 Metaspace       used 92143K, capacity 98388K, committed 98496K, reserved 1134592K
  class space    used 12762K, capacity 13940K, committed 13952K, reserved 1048576K
}

Deoptimization events (10 events):
Event: 27.115 Thread 0x00000000005c3800 Uncommon trap: reason=class_check action=maybe_recompile pc=0x000000000375fa8c method=org.springframework.util.ConcurrentReferenceHashMap$Segment.findInChain(Lorg/springframework/util/ConcurrentReferenceHashMap$Reference;Ljava/lang/Object;I)Lorg/springfra
Event: 27.115 Thread 0x00000000005c3800 Uncommon trap: reason=class_check action=maybe_recompile pc=0x0000000003764724 method=org.springframework.util.ConcurrentReferenceHashMap$Segment.findInChain(Lorg/springframework/util/ConcurrentReferenceHashMap$Reference;Ljava/lang/Object;I)Lorg/springfra
Event: 27.381 Thread 0x00000000005c3800 Uncommon trap: reason=unstable_if action=reinterpret pc=0x00000000025b92c8 method=java.util.concurrent.ConcurrentHashMap.get(Ljava/lang/Object;)Ljava/lang/Object; @ 86
Event: 27.418 Thread 0x00000000005c3800 Uncommon trap: reason=class_check action=maybe_recompile pc=0x000000000307bb30 method=java.lang.reflect.Method.equals(Ljava/lang/Object;)Z @ 5
Event: 27.472 Thread 0x00000000005c3800 Uncommon trap: reason=class_check action=maybe_recompile pc=0x000000000307bb30 method=java.lang.reflect.Method.equals(Ljava/lang/Object;)Z @ 5
Event: 27.472 Thread 0x00000000005c3800 Uncommon trap: reason=class_check action=maybe_recompile pc=0x000000000307bb30 method=java.lang.reflect.Method.equals(Ljava/lang/Object;)Z @ 5
Event: 27.481 Thread 0x00000000005c3800 Uncommon trap: reason=bimorphic action=maybe_recompile pc=0x0000000002ff17dc method=org.springframework.core.annotation.TypeMappedAnnotation.getValue(IZZ)Ljava/lang/Object; @ 121
Event: 27.493 Thread 0x00000000005c3800 Uncommon trap: reason=bimorphic action=maybe_recompile pc=0x0000000002ff17dc method=org.springframework.core.annotation.TypeMappedAnnotation.getValue(IZZ)Ljava/lang/Object; @ 121
Event: 27.514 Thread 0x00000000005c3800 Uncommon trap: reason=bimorphic action=maybe_recompile pc=0x0000000002ff17dc method=org.springframework.core.annotation.TypeMappedAnnotation.getValue(IZZ)Ljava/lang/Object; @ 121
Event: 27.514 Thread 0x00000000005c3800 Uncommon trap: reason=bimorphic action=maybe_recompile pc=0x0000000002ff17dc method=org.springframework.core.annotation.TypeMappedAnnotation.getValue(IZZ)Ljava/lang/Object; @ 121

Classes redefined (0 events):
No events

Internal exceptions (10 events):
Event: 27.568 Thread 0x00000000005c3800 Exception <a 'java/security/PrivilegedActionException'> (0x000000077417cea0) thrown at [C:\jenkins\workspace\8-2-build-windows-amd64-cygwin\jdk8u261\295\hotspot\src\share\vm\prims\jvm.cpp, line 1512]
Event: 27.568 Thread 0x00000000005c3800 Exception <a 'java/security/PrivilegedActionException'> (0x000000077417d298) thrown at [C:\jenkins\workspace\8-2-build-windows-amd64-cygwin\jdk8u261\295\hotspot\src\share\vm\prims\jvm.cpp, line 1512]
Event: 27.568 Thread 0x00000000005c3800 Exception <a 'java/security/PrivilegedActionException'> (0x000000077417ec20) thrown at [C:\jenkins\workspace\8-2-build-windows-amd64-cygwin\jdk8u261\295\hotspot\src\share\vm\prims\jvm.cpp, line 1512]
Event: 27.568 Thread 0x00000000005c3800 Exception <a 'java/security/PrivilegedActionException'> (0x000000077417f018) thrown at [C:\jenkins\workspace\8-2-build-windows-amd64-cygwin\jdk8u261\295\hotspot\src\share\vm\prims\jvm.cpp, line 1512]
Event: 27.568 Thread 0x00000000005c3800 Exception <a 'java/security/PrivilegedActionException'> (0x0000000774180a68) thrown at [C:\jenkins\workspace\8-2-build-windows-amd64-cygwin\jdk8u261\295\hotspot\src\share\vm\prims\jvm.cpp, line 1512]
Event: 27.568 Thread 0x00000000005c3800 Exception <a 'java/security/PrivilegedActionException'> (0x0000000774180e60) thrown at [C:\jenkins\workspace\8-2-build-windows-amd64-cygwin\jdk8u261\295\hotspot\src\share\vm\prims\jvm.cpp, line 1512]
Event: 27.568 Thread 0x00000000005c3800 Exception <a 'java/security/PrivilegedActionException'> (0x00000007741827e8) thrown at [C:\jenkins\workspace\8-2-build-windows-amd64-cygwin\jdk8u261\295\hotspot\src\share\vm\prims\jvm.cpp, line 1512]
Event: 27.568 Thread 0x00000000005c3800 Exception <a 'java/security/PrivilegedActionException'> (0x0000000774182be0) thrown at [C:\jenkins\workspace\8-2-build-windows-amd64-cygwin\jdk8u261\295\hotspot\src\share\vm\prims\jvm.cpp, line 1512]
Event: 27.576 Thread 0x0000000021b87000 Exception <a 'java/net/SocketTimeoutException': Receive timed out> (0x000000076d1ff8b8) thrown at [C:\jenkins\workspace\8-2-build-windows-amd64-cygwin\jdk8u261\295\hotspot\src\share\vm\prims\jni.cpp, line 737]
Event: 28.590 Thread 0x0000000021b87000 Exception <a 'java/net/SocketTimeoutException': Receive timed out> (0x000000076d1ffb18) thrown at [C:\jenkins\workspace\8-2-build-windows-amd64-cygwin\jdk8u261\295\hotspot\src\share\vm\prims\jni.cpp, line 737]

Events (10 events):
Event: 27.725 Thread 0x00000000005c3800 DEOPT PACKING pc=0x00000000038e84b8 sp=0x0000000000aec500
Event: 27.725 Thread 0x00000000005c3800 DEOPT UNPACKING pc=0x00000000024b7890 sp=0x0000000000aec1f0 mode 1
Event: 27.726 loading class org/springframework/web/bind/annotation/ResponseStatus
Event: 27.726 loading class org/springframework/web/bind/annotation/ResponseStatus done
Event: 27.726 Thread 0x00000000005c3800 DEOPT PACKING pc=0x00000000038e84b8 sp=0x0000000000aec3b0
Event: 27.726 Thread 0x00000000005c3800 DEOPT UNPACKING pc=0x00000000024b7890 sp=0x0000000000aec0a0 mode 1
Event: 27.727 loading class org/springframework/web/cors/CorsConfiguration$OriginPattern
Event: 27.727 loading class org/springframework/web/cors/CorsConfiguration$OriginPattern done
Event: 27.727 Thread 0x00000000005c3800 DEOPT PACKING pc=0x00000000038e84b8 sp=0x0000000000aebf00
Event: 27.727 Thread 0x00000000005c3800 DEOPT UNPACKING pc=0x00000000024b7890 sp=0x0000000000aebbf0 mode 1


Dynamic libraries:
0x00007ff738700000 - 0x00007ff738747000 	C:\Program Files\Java\jdk1.8.0_261\bin\java.exe
0x00007ffbaade0000 - 0x00007ffbab043000 	C:\WINDOWS\SYSTEM32\ntdll.dll
0x00007ffba9f70000 - 0x00007ffbaa038000 	C:\WINDOWS\System32\KERNEL32.DLL
0x00007ffba8640000 - 0x00007ffba89f2000 	C:\WINDOWS\System32\KERNELBASE.dll
0x00007ffba9e00000 - 0x00007ffba9eb4000 	C:\WINDOWS\System32\ADVAPI32.dll
0x00007ffba8e90000 - 0x00007ffba8f39000 	C:\WINDOWS\System32\msvcrt.dll
0x00007ffba9ec0000 - 0x00007ffba9f66000 	C:\WINDOWS\System32\sechost.dll
0x00007ffbaa7f0000 - 0x00007ffbaa906000 	C:\WINDOWS\System32\RPCRT4.dll
0x00007ffbaa210000 - 0x00007ffbaa3d8000 	C:\WINDOWS\System32\USER32.dll
0x00007ffba8ac0000 - 0x00007ffba8ae7000 	C:\WINDOWS\System32\win32u.dll
0x00007ffba8f40000 - 0x00007ffba8f6a000 	C:\WINDOWS\System32\GDI32.dll
0x00007ffba8510000 - 0x00007ffba863b000 	C:\WINDOWS\System32\gdi32full.dll
0x00007ffba8b90000 - 0x00007ffba8c33000 	C:\WINDOWS\System32\msvcp_win.dll
0x00007ffba81b0000 - 0x00007ffba82fb000 	C:\WINDOWS\System32\ucrtbase.dll
0x00007ffb76360000 - 0x00007ffb765f0000 	C:\WINDOWS\WinSxS\amd64_microsoft.windows.common-controls_6595b64144ccf1df_6.0.26100.2454_none_3e0b68a2e331ad60\COMCTL32.dll
0x00007ffba8dd0000 - 0x00007ffba8dff000 	C:\WINDOWS\System32\IMM32.DLL
0x00007ffb8f3a0000 - 0x00007ffb8f3b5000 	C:\Program Files\Java\jdk1.8.0_261\jre\bin\vcruntime140.dll
0x00007ffb61140000 - 0x00007ffb611db000 	C:\Program Files\Java\jdk1.8.0_261\jre\bin\msvcp140.dll
0x000000005a260000 - 0x000000005aacc000 	C:\Program Files\Java\jdk1.8.0_261\jre\bin\server\jvm.dll
0x00007ffba9020000 - 0x00007ffba9028000 	C:\WINDOWS\System32\PSAPI.DLL
0x00007ffb8f8a0000 - 0x00007ffb8f8aa000 	C:\WINDOWS\SYSTEM32\WSOCK32.dll
0x00007ffb9ba60000 - 0x00007ffb9ba96000 	C:\WINDOWS\SYSTEM32\WINMM.dll
0x00007ffba8c40000 - 0x00007ffba8cb4000 	C:\WINDOWS\System32\WS2_32.dll
0x00007ffb9ef20000 - 0x00007ffb9ef2b000 	C:\WINDOWS\SYSTEM32\VERSION.dll
0x00007ffba6f20000 - 0x00007ffba6f3a000 	C:\WINDOWS\SYSTEM32\kernel.appcore.dll
0x00007ffb8f390000 - 0x00007ffb8f3a0000 	C:\Program Files\Java\jdk1.8.0_261\jre\bin\verify.dll
0x00007ffb8d0a0000 - 0x00007ffb8d0cb000 	C:\Program Files\Java\jdk1.8.0_261\jre\bin\java.dll
0x00007ffb9fd30000 - 0x00007ffb9fd66000 	C:\Program Files\Java\jdk1.8.0_261\jre\bin\jdwp.dll
0x00007ffb9fd20000 - 0x00007ffb9fd29000 	C:\Program Files\Java\jdk1.8.0_261\jre\bin\npt.dll
0x00007ffb8d080000 - 0x00007ffb8d098000 	C:\Program Files\Java\jdk1.8.0_261\jre\bin\zip.dll
0x00007ffba9030000 - 0x00007ffba9730000 	C:\WINDOWS\System32\SHELL32.dll
0x00007ffba5e70000 - 0x00007ffba66a1000 	C:\WINDOWS\SYSTEM32\windows.storage.dll
0x00007ffba9a60000 - 0x00007ffba9dde000 	C:\WINDOWS\System32\combase.dll
0x00007ffbaa5b0000 - 0x00007ffbaa68a000 	C:\WINDOWS\System32\SHCORE.dll
0x00007ffba8e10000 - 0x00007ffba8e6d000 	C:\WINDOWS\System32\shlwapi.dll
0x00007ffba8050000 - 0x00007ffba807e000 	C:\WINDOWS\SYSTEM32\profapi.dll
0x00007ffb9fd10000 - 0x00007ffb9fd1a000 	C:\Program Files\Java\jdk1.8.0_261\jre\bin\dt_socket.dll
0x00007ffb63090000 - 0x00007ffb630a8000 	C:\WINDOWS\system32\napinsp.dll
0x00007ffba7480000 - 0x00007ffba74e8000 	C:\WINDOWS\System32\mswsock.dll
0x00007ffba6b40000 - 0x00007ffba6c65000 	C:\WINDOWS\SYSTEM32\DNSAPI.dll
0x00007ffba6a70000 - 0x00007ffba6aa2000 	C:\WINDOWS\SYSTEM32\IPHLPAPI.DLL
0x00007ffba9740000 - 0x00007ffba974a000 	C:\WINDOWS\System32\NSI.dll
0x00007ffb62ec0000 - 0x00007ffb62ed2000 	C:\WINDOWS\System32\winrnr.dll
0x00007ffb63020000 - 0x00007ffb63042000 	C:\WINDOWS\system32\nlansp_c.dll
0x00007ffb9fac0000 - 0x00007ffb9fad6000 	C:\WINDOWS\system32\wshbth.dll
0x00007ffba3870000 - 0x00007ffba38f5000 	C:\WINDOWS\System32\fwpuclnt.dll
0x00007ffb9ef30000 - 0x00007ffb9ef3b000 	C:\Windows\System32\rasadhlp.dll
0x00007ffb9fcd0000 - 0x00007ffb9fcdd000 	C:\Program Files\Java\jdk1.8.0_261\jre\bin\management.dll
0x00007ffb766e0000 - 0x00007ffb766fc000 	C:\Program Files\Java\jdk1.8.0_261\jre\bin\net.dll
0x00007ffb766c0000 - 0x00007ffb766d3000 	C:\Program Files\Java\jdk1.8.0_261\jre\bin\nio.dll
0x00007ffba7720000 - 0x00007ffba773c000 	C:\WINDOWS\SYSTEM32\CRYPTSP.dll
0x00007ffba6ee0000 - 0x00007ffba6f18000 	C:\WINDOWS\system32\rsaenh.dll
0x00007ffba7520000 - 0x00007ffba754b000 	C:\WINDOWS\SYSTEM32\USERENV.dll
0x00007ffba7960000 - 0x00007ffba7986000 	C:\WINDOWS\SYSTEM32\bcrypt.dll
0x00007ffba8af0000 - 0x00007ffba8b89000 	C:\WINDOWS\System32\bcryptprimitives.dll
0x00007ffba7740000 - 0x00007ffba774c000 	C:\WINDOWS\SYSTEM32\CRYPTBASE.dll
0x00007ffba37a0000 - 0x00007ffba37be000 	C:\WINDOWS\SYSTEM32\dhcpcsvc6.DLL
0x00007ffba3620000 - 0x00007ffba3645000 	C:\WINDOWS\SYSTEM32\dhcpcsvc.DLL
0x00007ffb90b30000 - 0x00007ffb90b54000 	C:\Program Files\Java\jdk1.8.0_261\jre\bin\sunec.dll
0x00007ffb86cd0000 - 0x00007ffb86d26000 	C:\WINDOWS\SYSTEM32\pdh.dll
0x00007ffb94bd0000 - 0x00007ffb94be2000 	C:\WINDOWS\System32\perfproc.dll
0x00007ffb9fcb0000 - 0x00007ffb9fcc1000 	C:\WINDOWS\System32\perfos.dll
0x00007ffba66d0000 - 0x00007ffba66e2000 	C:\WINDOWS\SYSTEM32\pfclient.dll
0x00007ffb9fca0000 - 0x00007ffb9fcad000 	C:\Program Files\Java\jdk1.8.0_261\jre\bin\sunmscapi.dll
0x00007ffba8300000 - 0x00007ffba8476000 	C:\WINDOWS\System32\CRYPT32.dll
0x00007ffba7920000 - 0x00007ffba7950000 	C:\WINDOWS\SYSTEM32\ncrypt.dll
0x00007ffba78d0000 - 0x00007ffba790f000 	C:\WINDOWS\SYSTEM32\NTASN1.dll
0x00007ffba5700000 - 0x00007ffba5941000 	C:\WINDOWS\SYSTEM32\dbghelp.dll
0x00007ffbaa490000 - 0x00007ffbaa566000 	C:\WINDOWS\System32\OLEAUT32.dll

VM Arguments:
jvm_args: -agentlib:jdwp=transport=dt_socket,server=n,suspend=y,address=localhost:5757 -Dcom.sun.management.jmxremote -Dcom.sun.management.jmxremote.port=5751 -Dcom.sun.management.jmxremote.authenticate=false -Dcom.sun.management.jmxremote.ssl=false -Dspring.jmx.enabled=true -Djava.rmi.server.hostname=localhost -Dspring.application.admin.enabled=true -Dspring.boot.project.name=ether -Dmanagement.endpoints.jmx.exposure.include=* -Dfile.encoding=UTF-8 
java_command: com.geeklib.ether.EtherApplication -DfileEncoding=UTF-8
java_class_path (initial): C:\Users\user\AppData\Local\Temp\cp_ew71sf7t82tvwqyql31h0lvh.jar
Launcher Type: SUN_STANDARD

Environment Variables:
JAVA_HOME=C:\Program Files\Java\jdk1.8.0_261
USERNAME=user
SHELL=C:\Program Files\Git\usr\bin\bash.exe
DISPLAY=needs-to-be-defined
OS=Windows_NT
PROCESSOR_IDENTIFIER=Intel64 Family 6 Model 154 Stepping 4, GenuineIntel



---------------  S Y S T E M  ---------------

OS: Windows 10.0 , 64 bit Build 26100 (10.0.26100.2454)

CPU:total 12 (initial active 12) (6 cores per cpu, 2 threads per core) family 6 model 154 stepping 4, cmov, cx8, fxsr, mmx, sse, sse2, sse3, ssse3, sse4.1, sse4.2, popcnt, avx, avx2, aes, clmul, erms, 3dnowpref, lzcnt, ht, tsc, tscinvbit, bmi1, bmi2, adx

Memory: 4k page, physical 16454388k(4490032k free), swap 16454388k(15756k free)

vm_info: Java HotSpot(TM) 64-Bit Server VM (25.261-b12) for windows-amd64 JRE (1.8.0_261-b12), built on Jun 18 2020 06:56:32 by "" with unknown MS VC++:1916

time: Wed Jan  8 17:30:59 2025
timezone: 中国标准时间
elapsed time: 29 seconds (0d 0h 0m 29s)

