#
# There is insufficient memory for the Java Runtime Environment to continue.
# Native memory allocation (malloc) failed to allocate 2040096 bytes for Chunk::new
# Possible reasons:
#   The system is out of physical RAM or swap space
#   The process is running with CompressedOops enabled, and the Java Heap may be blocking the growth of the native heap
# Possible solutions:
#   Reduce memory load on the system
#   Increase physical memory or swap space
#   Check if swap backing store is full
#   Decrease Java heap size (-Xmx/-Xms)
#   Decrease number of Java threads
#   Decrease Java thread stack sizes (-Xss)
#   Set larger code cache with -XX:ReservedCodeCacheSize=
#   JVM is running with Zero Based Compressed Oops mode in which the Java heap is
#     placed in the first 32GB address space. The Java Heap base address is the
#     maximum limit for the native heap growth. Please use -XX:HeapBaseMinAddress
#     to set the Java Heap base and to place the Java Heap above 32GB virtual address.
# This output file may be truncated or incomplete.
#
#  Out of Memory Error (allocation.cpp:389), pid=20060, tid=0x0000000000006114
#
# JRE version: Java(TM) SE Runtime Environment (8.0_261-b12) (build 1.8.0_261-b12)
# Java VM: Java HotSpot(TM) 64-Bit Server VM (25.261-b12 mixed mode windows-amd64 compressed oops)
# Failed to write core dump. Minidumps are not enabled by default on client versions of Windows
#

---------------  T H R E A D  ---------------

Current thread (0x000000001e5e2000):  JavaThread "C2 CompilerThread0" daemon [_thread_in_native, id=24852, stack(0x000000001f1c0000,0x000000001f2c0000)]

Stack: [0x000000001f1c0000,0x000000001f2c0000]
Native frames: (J=compiled Java code, j=interpreted, Vv=VM code, C=native code)
V  [jvm.dll+0x33e5f9]
V  [jvm.dll+0x2850e2]
V  [jvm.dll+0x285d8d]
V  [jvm.dll+0x27c895]
V  [jvm.dll+0xe4d6c]
V  [jvm.dll+0xe556c]
V  [jvm.dll+0x47ed35]
V  [jvm.dll+0x446ab8]
V  [jvm.dll+0x44f8f5]
V  [jvm.dll+0x44ecb5]
V  [jvm.dll+0x439bc7]
V  [jvm.dll+0xbbbcb]
V  [jvm.dll+0xba22b]
V  [jvm.dll+0x24d962]
V  [jvm.dll+0x2a1cfc]
C  [ucrtbase.dll+0x14ea0]
C  [KERNEL32.DLL+0x2e8d7]
C  [ntdll.dll+0xdfbcc]


Current CompileTask:
C2:  37158 6914       4       org.springframework.core.ResolvableType::resolveClass (73 bytes)


---------------  P R O C E S S  ---------------

Java Threads: ( => current thread )
  0x00000000221e0800 JavaThread "hz.dazzling_gould.cached.thread-26" [_thread_blocked, id=25768, stack(0x0000000039920000,0x0000000039a20000)]
  0x00000000221dc000 JavaThread "hz.dazzling_gould.cached.thread-25" [_thread_blocked, id=24572, stack(0x0000000039820000,0x0000000039920000)]
  0x00000000221dc800 JavaThread "hz.dazzling_gould.cached.thread-24" [_thread_blocked, id=1684, stack(0x0000000039720000,0x0000000039820000)]
  0x00000000221df000 JavaThread "hz.dazzling_gould.cached.thread-23" [_thread_in_native, id=17028, stack(0x0000000039620000,0x0000000039720000)]
  0x00000000221dd800 JavaThread "hz.dazzling_gould.cached.thread-22" [_thread_blocked, id=16704, stack(0x0000000039520000,0x0000000039620000)]
  0x00000000221db000 JavaThread "hz.dazzling_gould.cached.thread-21" [_thread_blocked, id=21552, stack(0x0000000039420000,0x0000000039520000)]
  0x0000000020bfe800 JavaThread "hz.dazzling_gould.cached.thread-20" [_thread_blocked, id=24556, stack(0x00000000372c0000,0x00000000373c0000)]
  0x0000000020bfd800 JavaThread "hz.dazzling_gould.cached.thread-19" [_thread_blocked, id=7504, stack(0x00000000371c0000,0x00000000372c0000)]
  0x0000000020bfa000 JavaThread "hz.dazzling_gould.cached.thread-18" [_thread_blocked, id=21764, stack(0x00000000370c0000,0x00000000371c0000)]
  0x0000000020bfd000 JavaThread "hz.dazzling_gould.cached.thread-17" [_thread_blocked, id=23468, stack(0x0000000033fd0000,0x00000000340d0000)]
  0x0000000020bf9000 JavaThread "hz.dazzling_gould.cached.thread-16" [_thread_blocked, id=22340, stack(0x0000000033ed0000,0x0000000033fd0000)]
  0x0000000020bfb800 JavaThread "hz.dazzling_gould.cached.thread-15" [_thread_blocked, id=21036, stack(0x0000000033c80000,0x0000000033d80000)]
  0x0000000020bfa800 JavaThread "hz.dazzling_gould.cached.thread-14" [_thread_blocked, id=5076, stack(0x0000000033b80000,0x0000000033c80000)]
  0x0000000020bfc000 JavaThread "hz.dazzling_gould.cached.thread-13" [_thread_blocked, id=20172, stack(0x0000000033a80000,0x0000000033b80000)]
  0x0000000020bf6000 JavaThread "hz.dazzling_gould.cached.thread-12" [_thread_blocked, id=24276, stack(0x00000000335b0000,0x00000000336b0000)]
  0x0000000020bf8800 JavaThread "hz.dazzling_gould.cached.thread-11" [_thread_blocked, id=25236, stack(0x00000000334b0000,0x00000000335b0000)]
  0x0000000020bf5800 JavaThread "hz.dazzling_gould.cached.thread-10" [_thread_blocked, id=2236, stack(0x00000000333b0000,0x00000000334b0000)]
  0x0000000020bf7800 JavaThread "hz.dazzling_gould.cached.thread-9" [_thread_blocked, id=21336, stack(0x00000000332b0000,0x00000000333b0000)]
  0x0000000020bf7000 JavaThread "hz.dazzling_gould.cached.thread-8" [_thread_blocked, id=10900, stack(0x00000000331b0000,0x00000000332b0000)]
  0x0000000020bf1800 JavaThread "hz.dazzling_gould.cached.thread-7" [_thread_blocked, id=3192, stack(0x00000000330b0000,0x00000000331b0000)]
  0x0000000020bf4800 JavaThread "hz.dazzling_gould.cached.thread-6" [_thread_blocked, id=3340, stack(0x0000000032fb0000,0x00000000330b0000)]
  0x0000000020bf1000 JavaThread "container-0" [_thread_blocked, id=24224, stack(0x0000000033dd0000,0x0000000033ed0000)]
  0x0000000020bf4000 JavaThread "Catalina-utility-2" [_thread_blocked, id=18500, stack(0x00000000336f0000,0x00000000337f0000)]
  0x0000000020bf0000 JavaThread "Catalina-utility-1" [_thread_blocked, id=18720, stack(0x0000000032c70000,0x0000000032d70000)]
  0x0000000020bef800 JavaThread "HikariCP housekeeper" daemon [_thread_blocked, id=2520, stack(0x0000000031080000,0x0000000031180000)]
  0x0000000025c43000 JavaThread "hz.dazzling_gould.cached.thread-5" [_thread_blocked, id=4600, stack(0x00000000317d0000,0x00000000318d0000)]
  0x0000000025c41800 JavaThread "mysql-cj-abandoned-connection-cleanup" daemon [_thread_blocked, id=17172, stack(0x0000000030f80000,0x0000000031080000)]
  0x0000000025c3e000 JavaThread "hz.dazzling_gould.HealthMonitor" daemon [_thread_blocked, id=22008, stack(0x000000002ebe0000,0x000000002ece0000)]
  0x0000000025c41000 JavaThread "hz.dazzling_gould.cached.thread-4" [_thread_blocked, id=20848, stack(0x000000002e660000,0x000000002e760000)]
  0x0000000025c40000 JavaThread "hz.dazzling_gould.MulticastThread" [_thread_in_native, id=9600, stack(0x0000000030e80000,0x0000000030f80000)]
  0x0000000025c3d000 JavaThread "hz.dazzling_gould.IO.thread-Acceptor" [_thread_in_native, id=11388, stack(0x0000000030d80000,0x0000000030e80000)]
  0x0000000025c3f800 JavaThread "hz.dazzling_gould.IO.BalancerThread" [_thread_blocked, id=23720, stack(0x0000000030c80000,0x0000000030d80000)]
  0x0000000025c3e800 JavaThread "hz.dazzling_gould.IO.thread-out-2" [_thread_in_native, id=21884, stack(0x0000000030b80000,0x0000000030c80000)]
  0x0000000025c39000 JavaThread "hz.dazzling_gould.IO.thread-out-1" [_thread_in_native, id=22412, stack(0x0000000030a80000,0x0000000030b80000)]
  0x0000000025c3b800 JavaThread "hz.dazzling_gould.IO.thread-out-0" [_thread_in_native, id=10060, stack(0x0000000030980000,0x0000000030a80000)]
  0x0000000025c3c000 JavaThread "hz.dazzling_gould.IO.thread-in-2" [_thread_in_native, id=27520, stack(0x0000000030880000,0x0000000030980000)]
  0x0000000025c38800 JavaThread "hz.dazzling_gould.IO.thread-in-1" [_thread_in_native, id=2928, stack(0x0000000030780000,0x0000000030880000)]
  0x0000000025c37800 JavaThread "hz.dazzling_gould.IO.thread-in-0" [_thread_in_native, id=19248, stack(0x0000000030680000,0x0000000030780000)]
  0x0000000025c3a800 JavaThread "dazzling_gould-query-state-checker" daemon [_thread_blocked, id=19144, stack(0x0000000030580000,0x0000000030680000)]
  0x0000000025c3a000 JavaThread "hz.dazzling_gould.SlowOperationDetectorThread" [_thread_blocked, id=3272, stack(0x0000000030480000,0x0000000030580000)]
  0x0000000025c34000 JavaThread "hz.dazzling_gould.response-1" [_thread_blocked, id=8000, stack(0x0000000030380000,0x0000000030480000)]
  0x0000000025c35800 JavaThread "hz.dazzling_gould.response-0" [_thread_blocked, id=15244, stack(0x0000000030280000,0x0000000030380000)]
  0x0000000025c37000 JavaThread "hz.dazzling_gould.generic-operation.thread-5" [_thread_blocked, id=4040, stack(0x0000000030180000,0x0000000030280000)]
  0x0000000025c34800 JavaThread "hz.dazzling_gould.generic-operation.thread-4" [_thread_blocked, id=19436, stack(0x0000000030080000,0x0000000030180000)]
  0x0000000025c36000 JavaThread "hz.dazzling_gould.generic-operation.thread-3" [_thread_blocked, id=12844, stack(0x000000002ff80000,0x0000000030080000)]
  0x000000002c4f1800 JavaThread "hz.dazzling_gould.generic-operation.thread-2" [_thread_blocked, id=25412, stack(0x000000002fe80000,0x000000002ff80000)]
  0x000000002c4f0000 JavaThread "hz.dazzling_gould.generic-operation.thread-1" [_thread_blocked, id=13992, stack(0x000000002fd80000,0x000000002fe80000)]
  0x000000002c4ed800 JavaThread "hz.dazzling_gould.generic-operation.thread-0" [_thread_blocked, id=26608, stack(0x000000002fc80000,0x000000002fd80000)]
  0x000000002c4f0800 JavaThread "hz.dazzling_gould.priority-generic-operation.thread-0" [_thread_blocked, id=24496, stack(0x000000002fb80000,0x000000002fc80000)]
  0x000000002c4ef000 JavaThread "hz.dazzling_gould.partition-operation.thread-11" [_thread_blocked, id=21600, stack(0x000000002fa80000,0x000000002fb80000)]
  0x000000002c4ee800 JavaThread "hz.dazzling_gould.partition-operation.thread-10" [_thread_blocked, id=14780, stack(0x000000002f980000,0x000000002fa80000)]
  0x000000002c4ea000 JavaThread "hz.dazzling_gould.partition-operation.thread-9" [_thread_blocked, id=16388, stack(0x000000002f880000,0x000000002f980000)]
  0x000000002c4ed000 JavaThread "hz.dazzling_gould.partition-operation.thread-8" [_thread_blocked, id=21952, stack(0x000000002f780000,0x000000002f880000)]
  0x000000002c4ec000 JavaThread "hz.dazzling_gould.partition-operation.thread-7" [_thread_blocked, id=17136, stack(0x000000002f680000,0x000000002f780000)]
  0x000000002c4e8800 JavaThread "hz.dazzling_gould.partition-operation.thread-6" [_thread_blocked, id=5788, stack(0x000000002f580000,0x000000002f680000)]
  0x000000002c4e9000 JavaThread "hz.dazzling_gould.partition-operation.thread-5" [_thread_blocked, id=24484, stack(0x000000002f480000,0x000000002f580000)]
  0x000000002c4eb800 JavaThread "hz.dazzling_gould.partition-operation.thread-4" [_thread_blocked, id=17964, stack(0x000000002f380000,0x000000002f480000)]
  0x000000002c4ea800 JavaThread "hz.dazzling_gould.partition-operation.thread-3" [_thread_blocked, id=16812, stack(0x000000002f280000,0x000000002f380000)]
  0x000000002c4e4800 JavaThread "hz.dazzling_gould.partition-operation.thread-2" [_thread_blocked, id=3368, stack(0x000000002f180000,0x000000002f280000)]
  0x000000002c4e6000 JavaThread "hz.dazzling_gould.partition-operation.thread-1" [_thread_blocked, id=22580, stack(0x000000002f080000,0x000000002f180000)]
  0x000000002c4e7800 JavaThread "hz.dazzling_gould.partition-operation.thread-0" [_thread_blocked, id=20448, stack(0x000000002ef80000,0x000000002f080000)]
  0x000000002c4e5800 JavaThread "hz.dazzling_gould.InvocationMonitorThread" [_thread_blocked, id=7272, stack(0x000000002ee80000,0x000000002ef80000)]
  0x000000002c4e4000 JavaThread "hz.dazzling_gould.migration" [_thread_blocked, id=5024, stack(0x000000002e300000,0x000000002e400000)]
  0x000000002c4e7000 JavaThread "hz.dazzling_gould.MetricsRegistry.thread-2" [_thread_blocked, id=22316, stack(0x000000002e200000,0x000000002e300000)]
  0x000000002c4e2800 JavaThread "hz.dazzling_gould.MetricsRegistry.thread-1" [_thread_blocked, id=26596, stack(0x000000002e100000,0x000000002e200000)]
  0x000000002c4e3000 JavaThread "hz.dazzling_gould.cached.thread-3" [_thread_blocked, id=15536, stack(0x000000002dc00000,0x000000002dd00000)]
  0x0000000027ab4800 JavaThread "hz.dazzling_gould.cached.thread-2" [_thread_blocked, id=11608, stack(0x000000002db00000,0x000000002dc00000)]
  0x0000000027ab3800 JavaThread "hz.dazzling_gould.cached.thread-1" [_thread_blocked, id=11500, stack(0x000000002da00000,0x000000002db00000)]
  0x0000000027ab2000 JavaThread "hz.dazzling_gould.operation-parker" [_thread_blocked, id=25492, stack(0x000000002d700000,0x000000002d800000)]
  0x0000000027ab3000 JavaThread "hz.dazzling_gould.event-5" [_thread_blocked, id=24948, stack(0x000000002d600000,0x000000002d700000)]
  0x0000000027ab1800 JavaThread "hz.dazzling_gould.event-4" [_thread_blocked, id=16556, stack(0x000000002aa20000,0x000000002ab20000)]
  0x000000001e821800 JavaThread "hz.dazzling_gould.event-3" [_thread_blocked, id=5536, stack(0x00000000286a0000,0x00000000287a0000)]
  0x0000000020853000 JavaThread "hz.dazzling_gould.event-2" [_thread_blocked, id=21000, stack(0x0000000025d00000,0x0000000025e00000)]
  0x000000002913d000 JavaThread "hz.dazzling_gould.event-1" [_thread_blocked, id=19880, stack(0x00000000248e0000,0x00000000249e0000)]
  0x000000002560c000 JavaThread "hz.dazzling_gould.scheduled.thread-" [_thread_blocked, id=26144, stack(0x0000000022e10000,0x0000000022f10000)]
  0x00000000206b6800 JavaThread "RMI TCP Accept-0" daemon [_thread_in_native, id=9496, stack(0x0000000021090000,0x0000000021190000)]
  0x000000002069b000 JavaThread "RMI TCP Accept-4722" daemon [_thread_in_native, id=11936, stack(0x0000000020f90000,0x0000000021090000)]
  0x0000000020699000 JavaThread "RMI TCP Accept-0" daemon [_thread_in_native, id=14668, stack(0x0000000020e90000,0x0000000020f90000)]
  0x000000001e688000 JavaThread "Service Thread" daemon [_thread_blocked, id=26016, stack(0x000000001f5c0000,0x000000001f6c0000)]
  0x000000001e5e7000 JavaThread "C1 CompilerThread3" daemon [_thread_blocked, id=23656, stack(0x000000001f4c0000,0x000000001f5c0000)]
  0x000000001e5e4800 JavaThread "C2 CompilerThread2" daemon [_thread_in_native, id=17160, stack(0x000000001f3c0000,0x000000001f4c0000)]
  0x000000001e5e3800 JavaThread "C2 CompilerThread1" daemon [_thread_in_native, id=19780, stack(0x000000001f2c0000,0x000000001f3c0000)]
=>0x000000001e5e2000 JavaThread "C2 CompilerThread0" daemon [_thread_in_native, id=24852, stack(0x000000001f1c0000,0x000000001f2c0000)]
  0x000000001e5cf000 JavaThread "JDWP Command Reader" daemon [_thread_in_native, id=7544, stack(0x000000001f0c0000,0x000000001f1c0000)]
  0x000000001e5c8000 JavaThread "JDWP Event Helper Thread" daemon [_thread_blocked, id=16432, stack(0x000000001efc0000,0x000000001f0c0000)]
  0x000000001bedb800 JavaThread "JDWP Transport Listener: dt_socket" daemon [_thread_blocked, id=5912, stack(0x000000001eec0000,0x000000001efc0000)]
  0x000000001beb4800 JavaThread "Attach Listener" daemon [_thread_blocked, id=26852, stack(0x000000001ea80000,0x000000001eb80000)]
  0x000000001e5c3800 JavaThread "Signal Dispatcher" daemon [_thread_blocked, id=26768, stack(0x000000001e980000,0x000000001ea80000)]
  0x000000001be7f800 JavaThread "Finalizer" daemon [_thread_blocked, id=21744, stack(0x000000001e410000,0x000000001e510000)]
  0x000000001be78000 JavaThread "Reference Handler" daemon [_thread_blocked, id=17312, stack(0x000000001e310000,0x000000001e410000)]
  0x000000000055c800 JavaThread "main" [_thread_in_vm, id=9100, stack(0x0000000002290000,0x0000000002390000)]

Other Threads:
  0x000000001be4d800 VMThread [stack: 0x000000001e210000,0x000000001e310000] [id=20024]
  0x00000000206ab800 WatcherThread [stack: 0x0000000021290000,0x0000000021390000] [id=23440]

VM state:not at safepoint (normal execution)

VM Mutex/Monitor currently owned by a thread: None

heap address: 0x00000006c4e00000, size: 4018 MB, Compressed Oops mode: Zero based, Oop shift amount: 3
Narrow klass base: 0x0000000000000000, Narrow klass shift: 3
Compressed class space size: 1073741824 Address: 0x00000007c0000000

Heap:
 PSYoungGen      total 638464K, used 172429K [0x000000076c500000, 0x0000000795f00000, 0x00000007c0000000)
  eden space 613376K, 28% used [0x000000076c500000,0x0000000776d637a0,0x0000000791c00000)
  from space 25088K, 0% used [0x0000000791c00000,0x0000000791c00000,0x0000000793480000)
  to   space 19968K, 0% used [0x0000000793480000,0x0000000793480000,0x0000000794800000)
 ParOldGen       total 166400K, used 41273K [0x00000006c4e00000, 0x00000006cf080000, 0x000000076c500000)
  object space 166400K, 24% used [0x00000006c4e00000,0x00000006c764e530,0x00000006cf080000)
 Metaspace       used 96500K, capacity 103284K, committed 103376K, reserved 1138688K
  class space    used 13491K, capacity 14748K, committed 14800K, reserved 1048576K

Card table byte_map: [0x0000000011750000,0x0000000011f30000] byte_map_base: 0x000000000e129000

Marking Bits: (ParMarkBitMap*) 0x000000006d054fb0
 Begin Bits: [0x0000000012e70000, 0x0000000016d38000)
 End Bits:   [0x0000000016d38000, 0x000000001ac00000)

Polling page: 0x00000000004e0000

CodeCache: size=245760Kb used=23457Kb max_used=23755Kb free=222302Kb
 bounds [0x0000000002390000, 0x0000000003ae0000, 0x0000000011390000]
 total_blobs=6554 nmethods=5857 adapters=616
 compilation: enabled

Compilation events (10 events):
Event: 35.043 Thread 0x000000001e5e7000 6935       3       sun.misc.ProxyGenerator::generateStaticInitializer (457 bytes)
Event: 35.049 Thread 0x000000001e5e7000 nmethod 6935 0x0000000003acd890 code [0x0000000003ace420, 0x0000000003ad66a8]
Event: 35.049 Thread 0x000000001e5e7000 6936       3       org.springframework.aop.scope.ScopedProxyUtils::isScopedTarget (19 bytes)
Event: 35.050 Thread 0x000000001e5e7000 nmethod 6936 0x0000000003aa4350 code [0x0000000003aa44c0, 0x0000000003aa4848]
Event: 35.050 Thread 0x000000001e5e7000 6937       3       org.springframework.beans.factory.support.AbstractBeanFactory::getType (235 bytes)
Event: 35.051 Thread 0x000000001e5e7000 nmethod 6937 0x0000000003aba5d0 code [0x0000000003aba900, 0x0000000003abcbd8]
Event: 35.929 Thread 0x000000001e5e7000 6939   !   3       com.hazelcast.internal.util.executor.CachedExecutorServiceDelegate$Worker::exit (73 bytes)
Event: 35.929 Thread 0x000000001e5e7000 nmethod 6939 0x0000000003ab8f50 code [0x0000000003ab9120, 0x0000000003ab97a8]
Event: 36.426 Thread 0x000000001e5e7000 6940       3       java.util.concurrent.SynchronousQueue::poll (38 bytes)
Event: 36.427 Thread 0x000000001e5e7000 nmethod 6940 0x000000000255f010 code [0x000000000255f1c0, 0x000000000255f6d8]

GC Heap History (10 events):
Event: 18.182 GC heap before
{Heap before GC invocations=11 (full 2):
 PSYoungGen      total 446976K, used 76142K [0x000000076c500000, 0x000000078a180000, 0x00000007c0000000)
  eden space 433152K, 14% used [0x000000076c500000,0x00000007701dcee8,0x0000000786c00000)
  from space 13824K, 99% used [0x0000000789400000,0x000000078a17eb08,0x000000078a180000)
  to   space 19968K, 0% used [0x0000000787a80000,0x0000000787a80000,0x0000000788e00000)
 ParOldGen       total 98304K, used 23799K [0x00000006c4e00000, 0x00000006cae00000, 0x000000076c500000)
  object space 98304K, 24% used [0x00000006c4e00000,0x00000006c653dfb8,0x00000006cae00000)
 Metaspace       used 57613K, capacity 59996K, committed 60080K, reserved 1101824K
  class space    used 7716K, capacity 8356K, committed 8400K, reserved 1048576K
Event: 18.192 GC heap after
Heap after GC invocations=11 (full 2):
 PSYoungGen      total 467968K, used 13349K [0x000000076c500000, 0x0000000794800000, 0x00000007c0000000)
  eden space 448000K, 0% used [0x000000076c500000,0x000000076c500000,0x0000000787a80000)
  from space 19968K, 66% used [0x0000000787a80000,0x0000000788789528,0x0000000788e00000)
  to   space 19968K, 0% used [0x0000000793480000,0x0000000793480000,0x0000000794800000)
 ParOldGen       total 98304K, used 23807K [0x00000006c4e00000, 0x00000006cae00000, 0x000000076c500000)
  object space 98304K, 24% used [0x00000006c4e00000,0x00000006c653ffb8,0x00000006cae00000)
 Metaspace       used 57613K, capacity 59996K, committed 60080K, reserved 1101824K
  class space    used 7716K, capacity 8356K, committed 8400K, reserved 1048576K
}
Event: 18.192 GC heap before
{Heap before GC invocations=12 (full 3):
 PSYoungGen      total 467968K, used 13349K [0x000000076c500000, 0x0000000794800000, 0x00000007c0000000)
  eden space 448000K, 0% used [0x000000076c500000,0x000000076c500000,0x0000000787a80000)
  from space 19968K, 66% used [0x0000000787a80000,0x0000000788789528,0x0000000788e00000)
  to   space 19968K, 0% used [0x0000000793480000,0x0000000793480000,0x0000000794800000)
 ParOldGen       total 98304K, used 23807K [0x00000006c4e00000, 0x00000006cae00000, 0x000000076c500000)
  object space 98304K, 24% used [0x00000006c4e00000,0x00000006c653ffb8,0x00000006cae00000)
 Metaspace       used 57613K, capacity 59996K, committed 60080K, reserved 1101824K
  class space    used 7716K, capacity 8356K, committed 8400K, reserved 1048576K
Event: 18.328 GC heap after
Heap after GC invocations=12 (full 3):
 PSYoungGen      total 467968K, used 0K [0x000000076c500000, 0x0000000794800000, 0x00000007c0000000)
  eden space 448000K, 0% used [0x000000076c500000,0x000000076c500000,0x0000000787a80000)
  from space 19968K, 0% used [0x0000000787a80000,0x0000000787a80000,0x0000000788e00000)
  to   space 19968K, 0% used [0x0000000793480000,0x0000000793480000,0x0000000794800000)
 ParOldGen       total 125440K, used 24004K [0x00000006c4e00000, 0x00000006cc880000, 0x000000076c500000)
  object space 125440K, 19% used [0x00000006c4e00000,0x00000006c6571380,0x00000006cc880000)
 Metaspace       used 57613K, capacity 59996K, committed 60080K, reserved 1101824K
  class space    used 7716K, capacity 8356K, committed 8400K, reserved 1048576K
}
Event: 25.548 GC heap before
{Heap before GC invocations=13 (full 3):
 PSYoungGen      total 467968K, used 448000K [0x000000076c500000, 0x0000000794800000, 0x00000007c0000000)
  eden space 448000K, 100% used [0x000000076c500000,0x0000000787a80000,0x0000000787a80000)
  from space 19968K, 0% used [0x0000000787a80000,0x0000000787a80000,0x0000000788e00000)
  to   space 19968K, 0% used [0x0000000793480000,0x0000000793480000,0x0000000794800000)
 ParOldGen       total 125440K, used 24004K [0x00000006c4e00000, 0x00000006cc880000, 0x000000076c500000)
  object space 125440K, 19% used [0x00000006c4e00000,0x00000006c6571380,0x00000006cc880000)
 Metaspace       used 84048K, capacity 89214K, committed 89296K, reserved 1126400K
  class space    used 11692K, capacity 12745K, committed 12752K, reserved 1048576K
Event: 25.565 GC heap after
Heap after GC invocations=13 (full 3):
 PSYoungGen      total 633344K, used 19950K [0x000000076c500000, 0x0000000795f00000, 0x00000007c0000000)
  eden space 613376K, 0% used [0x000000076c500000,0x000000076c500000,0x0000000791c00000)
  from space 19968K, 99% used [0x0000000793480000,0x00000007947fb9b8,0x0000000794800000)
  to   space 25088K, 0% used [0x0000000791c00000,0x0000000791c00000,0x0000000793480000)
 ParOldGen       total 125440K, used 31169K [0x00000006c4e00000, 0x00000006cc880000, 0x000000076c500000)
  object space 125440K, 24% used [0x00000006c4e00000,0x00000006c6c70420,0x00000006cc880000)
 Metaspace       used 84048K, capacity 89214K, committed 89296K, reserved 1126400K
  class space    used 11692K, capacity 12745K, committed 12752K, reserved 1048576K
}
Event: 28.066 GC heap before
{Heap before GC invocations=14 (full 3):
 PSYoungGen      total 633344K, used 276040K [0x000000076c500000, 0x0000000795f00000, 0x00000007c0000000)
  eden space 613376K, 41% used [0x000000076c500000,0x000000077bf16920,0x0000000791c00000)
  from space 19968K, 99% used [0x0000000793480000,0x00000007947fb9b8,0x0000000794800000)
  to   space 25088K, 0% used [0x0000000791c00000,0x0000000791c00000,0x0000000793480000)
 ParOldGen       total 125440K, used 31169K [0x00000006c4e00000, 0x00000006cc880000, 0x000000076c500000)
  object space 125440K, 24% used [0x00000006c4e00000,0x00000006c6c70420,0x00000006cc880000)
 Metaspace       used 93537K, capacity 100046K, committed 100136K, reserved 1134592K
  class space    used 13005K, capacity 14259K, committed 14288K, reserved 1048576K
Event: 30.091 GC heap after
Heap after GC invocations=14 (full 3):
 PSYoungGen      total 638464K, used 12295K [0x000000076c500000, 0x0000000795f00000, 0x00000007c0000000)
  eden space 613376K, 0% used [0x000000076c500000,0x000000076c500000,0x0000000791c00000)
  from space 25088K, 49% used [0x0000000791c00000,0x0000000792801ec8,0x0000000793480000)
  to   space 19968K, 0% used [0x0000000793480000,0x0000000793480000,0x0000000794800000)
 ParOldGen       total 125440K, used 39481K [0x00000006c4e00000, 0x00000006cc880000, 0x000000076c500000)
  object space 125440K, 31% used [0x00000006c4e00000,0x00000006c748e538,0x00000006cc880000)
 Metaspace       used 93537K, capacity 100046K, committed 100136K, reserved 1134592K
  class space    used 13005K, capacity 14259K, committed 14288K, reserved 1048576K
}
Event: 30.091 GC heap before
{Heap before GC invocations=15 (full 4):
 PSYoungGen      total 638464K, used 12295K [0x000000076c500000, 0x0000000795f00000, 0x00000007c0000000)
  eden space 613376K, 0% used [0x000000076c500000,0x000000076c500000,0x0000000791c00000)
  from space 25088K, 49% used [0x0000000791c00000,0x0000000792801ec8,0x0000000793480000)
  to   space 19968K, 0% used [0x0000000793480000,0x0000000793480000,0x0000000794800000)
 ParOldGen       total 125440K, used 39481K [0x00000006c4e00000, 0x00000006cc880000, 0x000000076c500000)
  object space 125440K, 31% used [0x00000006c4e00000,0x00000006c748e538,0x00000006cc880000)
 Metaspace       used 93537K, capacity 100046K, committed 100136K, reserved 1134592K
  class space    used 13005K, capacity 14259K, committed 14288K, reserved 1048576K
Event: 30.180 GC heap after
Heap after GC invocations=15 (full 4):
 PSYoungGen      total 638464K, used 0K [0x000000076c500000, 0x0000000795f00000, 0x00000007c0000000)
  eden space 613376K, 0% used [0x000000076c500000,0x000000076c500000,0x0000000791c00000)
  from space 25088K, 0% used [0x0000000791c00000,0x0000000791c00000,0x0000000793480000)
  to   space 19968K, 0% used [0x0000000793480000,0x0000000793480000,0x0000000794800000)
 ParOldGen       total 166400K, used 41273K [0x00000006c4e00000, 0x00000006cf080000, 0x000000076c500000)
  object space 166400K, 24% used [0x00000006c4e00000,0x00000006c764e530,0x00000006cf080000)
 Metaspace       used 93537K, capacity 100046K, committed 100136K, reserved 1134592K
  class space    used 13005K, capacity 14259K, committed 14288K, reserved 1048576K
}

Deoptimization events (10 events):
Event: 34.825 Thread 0x000000000055c800 Uncommon trap: reason=unstable_if action=reinterpret pc=0x0000000002807744 method=java.util.concurrent.ConcurrentHashMap.get(Ljava/lang/Object;)Ljava/lang/Object; @ 86
Event: 34.825 Thread 0x000000000055c800 Uncommon trap: reason=unstable_if action=reinterpret pc=0x0000000003973168 method=java.util.concurrent.ConcurrentHashMap.putVal(Ljava/lang/Object;Ljava/lang/Object;Z)Ljava/lang/Object; @ 152
Event: 34.864 Thread 0x000000000055c800 Uncommon trap: reason=class_check action=maybe_recompile pc=0x00000000035111f0 method=java.lang.reflect.Method.equals(Ljava/lang/Object;)Z @ 5
Event: 34.909 Thread 0x000000000055c800 Uncommon trap: reason=class_check action=maybe_recompile pc=0x00000000035111f0 method=java.lang.reflect.Method.equals(Ljava/lang/Object;)Z @ 5
Event: 34.909 Thread 0x000000000055c800 Uncommon trap: reason=class_check action=maybe_recompile pc=0x00000000035111f0 method=java.lang.reflect.Method.equals(Ljava/lang/Object;)Z @ 5
Event: 34.914 Thread 0x000000000055c800 Uncommon trap: reason=bimorphic action=maybe_recompile pc=0x0000000002f77a34 method=org.springframework.core.annotation.TypeMappedAnnotation.getValue(IZZ)Ljava/lang/Object; @ 121
Event: 34.926 Thread 0x000000000055c800 Uncommon trap: reason=bimorphic action=maybe_recompile pc=0x0000000002f77a34 method=org.springframework.core.annotation.TypeMappedAnnotation.getValue(IZZ)Ljava/lang/Object; @ 121
Event: 34.943 Thread 0x000000000055c800 Uncommon trap: reason=bimorphic action=maybe_recompile pc=0x0000000002f77a34 method=org.springframework.core.annotation.TypeMappedAnnotation.getValue(IZZ)Ljava/lang/Object; @ 121
Event: 34.944 Thread 0x000000000055c800 Uncommon trap: reason=bimorphic action=maybe_recompile pc=0x0000000002f77a34 method=org.springframework.core.annotation.TypeMappedAnnotation.getValue(IZZ)Ljava/lang/Object; @ 121
Event: 34.970 Thread 0x000000000055c800 Uncommon trap: reason=unstable_if action=reinterpret pc=0x00000000038b8bdc method=org.springframework.core.ResolvableType.resolveType()Lorg/springframework/core/ResolvableType; @ 37

Classes redefined (0 events):
No events

Internal exceptions (10 events):
Event: 34.996 Thread 0x000000000055c800 Exception <a 'java/security/PrivilegedActionException'> (0x0000000775c43b10) thrown at [C:\jenkins\workspace\8-2-build-windows-amd64-cygwin\jdk8u261\295\hotspot\src\share\vm\prims\jvm.cpp, line 1512]
Event: 34.996 Thread 0x000000000055c800 Exception <a 'java/security/PrivilegedActionException'> (0x0000000775c43f08) thrown at [C:\jenkins\workspace\8-2-build-windows-amd64-cygwin\jdk8u261\295\hotspot\src\share\vm\prims\jvm.cpp, line 1512]
Event: 34.997 Thread 0x000000000055c800 Exception <a 'java/security/PrivilegedActionException'> (0x0000000775c45890) thrown at [C:\jenkins\workspace\8-2-build-windows-amd64-cygwin\jdk8u261\295\hotspot\src\share\vm\prims\jvm.cpp, line 1512]
Event: 34.997 Thread 0x000000000055c800 Exception <a 'java/security/PrivilegedActionException'> (0x0000000775c45c88) thrown at [C:\jenkins\workspace\8-2-build-windows-amd64-cygwin\jdk8u261\295\hotspot\src\share\vm\prims\jvm.cpp, line 1512]
Event: 34.997 Thread 0x000000000055c800 Exception <a 'java/security/PrivilegedActionException'> (0x0000000775c476d8) thrown at [C:\jenkins\workspace\8-2-build-windows-amd64-cygwin\jdk8u261\295\hotspot\src\share\vm\prims\jvm.cpp, line 1512]
Event: 34.997 Thread 0x000000000055c800 Exception <a 'java/security/PrivilegedActionException'> (0x0000000775c47ad0) thrown at [C:\jenkins\workspace\8-2-build-windows-amd64-cygwin\jdk8u261\295\hotspot\src\share\vm\prims\jvm.cpp, line 1512]
Event: 34.997 Thread 0x000000000055c800 Exception <a 'java/security/PrivilegedActionException'> (0x0000000775c49458) thrown at [C:\jenkins\workspace\8-2-build-windows-amd64-cygwin\jdk8u261\295\hotspot\src\share\vm\prims\jvm.cpp, line 1512]
Event: 34.997 Thread 0x000000000055c800 Exception <a 'java/security/PrivilegedActionException'> (0x0000000775c49850) thrown at [C:\jenkins\workspace\8-2-build-windows-amd64-cygwin\jdk8u261\295\hotspot\src\share\vm\prims\jvm.cpp, line 1512]
Event: 35.743 Thread 0x0000000025c40000 Exception <a 'java/net/SocketTimeoutException': Receive timed out> (0x000000076f60bda0) thrown at [C:\jenkins\workspace\8-2-build-windows-amd64-cygwin\jdk8u261\295\hotspot\src\share\vm\prims\jni.cpp, line 737]
Event: 36.749 Thread 0x0000000025c40000 Exception <a 'java/net/SocketTimeoutException': Receive timed out> (0x000000076f60c000) thrown at [C:\jenkins\workspace\8-2-build-windows-amd64-cygwin\jdk8u261\295\hotspot\src\share\vm\prims\jni.cpp, line 737]

Events (10 events):
Event: 36.126 Thread 0x000000000055c800 DEOPT PACKING pc=0x0000000003738b80 sp=0x000000000238dbf0
Event: 36.126 Thread 0x000000000055c800 DEOPT UNPACKING pc=0x00000000023d7890 sp=0x000000000238d8e0 mode 1
Event: 36.127 loading class org/springframework/web/servlet/mvc/method/annotation/CallableMethodReturnValueHandler
Event: 36.127 loading class org/springframework/web/servlet/mvc/method/annotation/CallableMethodReturnValueHandler done
Event: 36.127 Thread 0x000000000055c800 DEOPT PACKING pc=0x0000000003738b80 sp=0x000000000238dbf0
Event: 36.127 Thread 0x000000000055c800 DEOPT UNPACKING pc=0x00000000023d7890 sp=0x000000000238d8e0 mode 1
Event: 36.427 Thread 0x000000001e5e7000 flushing nmethod 0x0000000002561650
Event: 36.427 Thread 0x000000001e5e7000 flushing nmethod 0x00000000025d40d0
Event: 36.427 Thread 0x000000001e5e7000 flushing nmethod 0x00000000025dea10
Event: 36.427 Thread 0x000000001e5e7000 flushing nmethod 0x00000000025e6710


Dynamic libraries:
0x00007ff787180000 - 0x00007ff7871c7000 	C:\Program Files\Java\jdk1.8.0_261\bin\java.exe
0x00007ffca2660000 - 0x00007ffca28c3000 	C:\WINDOWS\SYSTEM32\ntdll.dll
0x00007ffca23f0000 - 0x00007ffca24b8000 	C:\WINDOWS\System32\KERNEL32.DLL
0x00007ffca0070000 - 0x00007ffca0422000 	C:\WINDOWS\System32\KERNELBASE.dll
0x00007ffca2110000 - 0x00007ffca21c4000 	C:\WINDOWS\System32\ADVAPI32.dll
0x00007ffca1900000 - 0x00007ffca19a9000 	C:\WINDOWS\System32\msvcrt.dll
0x00007ffca2310000 - 0x00007ffca23b6000 	C:\WINDOWS\System32\sechost.dll
0x00007ffca1730000 - 0x00007ffca1846000 	C:\WINDOWS\System32\RPCRT4.dll
0x00007ffca1b50000 - 0x00007ffca1d18000 	C:\WINDOWS\System32\USER32.dll
0x00007ffc9fc20000 - 0x00007ffc9fc47000 	C:\WINDOWS\System32\win32u.dll
0x00007ffca18d0000 - 0x00007ffca18fa000 	C:\WINDOWS\System32\GDI32.dll
0x00007ffc9fdc0000 - 0x00007ffc9feeb000 	C:\WINDOWS\System32\gdi32full.dll
0x00007ffc9fd10000 - 0x00007ffc9fdb3000 	C:\WINDOWS\System32\msvcp_win.dll
0x00007ffc9fad0000 - 0x00007ffc9fc1b000 	C:\WINDOWS\System32\ucrtbase.dll
0x00007ffc6a1d0000 - 0x00007ffc6a460000 	C:\WINDOWS\WinSxS\amd64_microsoft.windows.common-controls_6595b64144ccf1df_6.0.26100.2454_none_3e0b68a2e331ad60\COMCTL32.dll
0x00007ffca05a0000 - 0x00007ffca05cf000 	C:\WINDOWS\System32\IMM32.DLL
0x00007ffc98990000 - 0x00007ffc989a5000 	C:\Program Files\Java\jdk1.8.0_261\jre\bin\vcruntime140.dll
0x00007ffc7ee20000 - 0x00007ffc7eebb000 	C:\Program Files\Java\jdk1.8.0_261\jre\bin\msvcp140.dll
0x000000006c860000 - 0x000000006d0cc000 	C:\Program Files\Java\jdk1.8.0_261\jre\bin\server\jvm.dll
0x00007ffca2610000 - 0x00007ffca2618000 	C:\WINDOWS\System32\PSAPI.DLL
0x00007ffc9c130000 - 0x00007ffc9c166000 	C:\WINDOWS\SYSTEM32\WINMM.dll
0x00007ffc80000000 - 0x00007ffc8000a000 	C:\WINDOWS\SYSTEM32\WSOCK32.dll
0x00007ffca1ec0000 - 0x00007ffca1f34000 	C:\WINDOWS\System32\WS2_32.dll
0x00007ffc99490000 - 0x00007ffc9949b000 	C:\WINDOWS\SYSTEM32\VERSION.dll
0x00007ffc9e800000 - 0x00007ffc9e81a000 	C:\WINDOWS\SYSTEM32\kernel.appcore.dll
0x00007ffc9a1a0000 - 0x00007ffc9a1b0000 	C:\Program Files\Java\jdk1.8.0_261\jre\bin\verify.dll
0x00007ffc89bb0000 - 0x00007ffc89bdb000 	C:\Program Files\Java\jdk1.8.0_261\jre\bin\java.dll
0x00007ffc81800000 - 0x00007ffc81836000 	C:\Program Files\Java\jdk1.8.0_261\jre\bin\jdwp.dll
0x00007ffc98980000 - 0x00007ffc98989000 	C:\Program Files\Java\jdk1.8.0_261\jre\bin\npt.dll
0x00007ffc93500000 - 0x00007ffc93518000 	C:\Program Files\Java\jdk1.8.0_261\jre\bin\zip.dll
0x00007ffca05e0000 - 0x00007ffca0ce0000 	C:\WINDOWS\System32\SHELL32.dll
0x00007ffc9d6f0000 - 0x00007ffc9df21000 	C:\WINDOWS\SYSTEM32\windows.storage.dll
0x00007ffca1330000 - 0x00007ffca16ae000 	C:\WINDOWS\System32\combase.dll
0x00007ffca24d0000 - 0x00007ffca25aa000 	C:\WINDOWS\System32\SHCORE.dll
0x00007ffca25b0000 - 0x00007ffca260d000 	C:\WINDOWS\System32\shlwapi.dll
0x00007ffc9f8d0000 - 0x00007ffc9f8fe000 	C:\WINDOWS\SYSTEM32\profapi.dll
0x00007ffc93b10000 - 0x00007ffc93b1a000 	C:\Program Files\Java\jdk1.8.0_261\jre\bin\dt_socket.dll
0x00007ffc55520000 - 0x00007ffc55538000 	C:\WINDOWS\system32\napinsp.dll
0x00007ffc9ed00000 - 0x00007ffc9ed68000 	C:\WINDOWS\System32\mswsock.dll
0x00007ffc9e3c0000 - 0x00007ffc9e4e5000 	C:\WINDOWS\SYSTEM32\DNSAPI.dll
0x00007ffc9e2f0000 - 0x00007ffc9e322000 	C:\WINDOWS\SYSTEM32\IPHLPAPI.DLL
0x00007ffca16c0000 - 0x00007ffca16ca000 	C:\WINDOWS\System32\NSI.dll
0x00007ffc54910000 - 0x00007ffc54922000 	C:\WINDOWS\System32\winrnr.dll
0x00007ffc54600000 - 0x00007ffc54622000 	C:\WINDOWS\system32\nlansp_c.dll
0x00007ffc994a0000 - 0x00007ffc994b6000 	C:\WINDOWS\system32\wshbth.dll
0x00007ffc9ab40000 - 0x00007ffc9abc5000 	C:\WINDOWS\System32\fwpuclnt.dll
0x00007ffc994c0000 - 0x00007ffc994cb000 	C:\Windows\System32\rasadhlp.dll
0x00007ffc932b0000 - 0x00007ffc932bd000 	C:\Program Files\Java\jdk1.8.0_261\jre\bin\management.dll
0x00007ffc88d60000 - 0x00007ffc88d7c000 	C:\Program Files\Java\jdk1.8.0_261\jre\bin\net.dll
0x00007ffc88810000 - 0x00007ffc88823000 	C:\Program Files\Java\jdk1.8.0_261\jre\bin\nio.dll
0x00007ffc9efa0000 - 0x00007ffc9efbc000 	C:\WINDOWS\SYSTEM32\CRYPTSP.dll
0x00007ffc9e760000 - 0x00007ffc9e798000 	C:\WINDOWS\system32\rsaenh.dll
0x00007ffc9eda0000 - 0x00007ffc9edcb000 	C:\WINDOWS\SYSTEM32\USERENV.dll
0x00007ffc9f1e0000 - 0x00007ffc9f206000 	C:\WINDOWS\SYSTEM32\bcrypt.dll
0x00007ffc9fa30000 - 0x00007ffc9fac9000 	C:\WINDOWS\System32\bcryptprimitives.dll
0x00007ffc9efc0000 - 0x00007ffc9efcc000 	C:\WINDOWS\SYSTEM32\CRYPTBASE.dll
0x00007ffc9a630000 - 0x00007ffc9a64e000 	C:\WINDOWS\SYSTEM32\dhcpcsvc6.DLL
0x00007ffc9a550000 - 0x00007ffc9a575000 	C:\WINDOWS\SYSTEM32\dhcpcsvc.DLL
0x00007ffc821e0000 - 0x00007ffc82204000 	C:\Program Files\Java\jdk1.8.0_261\jre\bin\sunec.dll
0x00007ffc7de60000 - 0x00007ffc7deb6000 	C:\WINDOWS\SYSTEM32\pdh.dll
0x00007ffc87f40000 - 0x00007ffc87f52000 	C:\WINDOWS\System32\perfproc.dll
0x00007ffc80e00000 - 0x00007ffc80e11000 	C:\WINDOWS\System32\perfos.dll
0x00007ffc9df50000 - 0x00007ffc9df62000 	C:\WINDOWS\SYSTEM32\pfclient.dll
0x00007ffc93280000 - 0x00007ffc9328d000 	C:\Program Files\Java\jdk1.8.0_261\jre\bin\sunmscapi.dll
0x00007ffc9fef0000 - 0x00007ffca0066000 	C:\WINDOWS\System32\CRYPT32.dll
0x00007ffc9f1a0000 - 0x00007ffc9f1d0000 	C:\WINDOWS\SYSTEM32\ncrypt.dll
0x00007ffc9f150000 - 0x00007ffc9f18f000 	C:\WINDOWS\SYSTEM32\NTASN1.dll
0x00007ffc9d140000 - 0x00007ffc9d381000 	C:\WINDOWS\SYSTEM32\dbghelp.dll
0x00007ffca04c0000 - 0x00007ffca0596000 	C:\WINDOWS\System32\OLEAUT32.dll

VM Arguments:
jvm_args: -agentlib:jdwp=transport=dt_socket,server=n,suspend=y,address=localhost:4724 -Dcom.sun.management.jmxremote -Dcom.sun.management.jmxremote.port=4722 -Dcom.sun.management.jmxremote.authenticate=false -Dcom.sun.management.jmxremote.ssl=false -Dspring.jmx.enabled=true -Djava.rmi.server.hostname=localhost -Dspring.application.admin.enabled=true -Dspring.boot.project.name=ether -Dmanagement.endpoints.jmx.exposure.include=* -Dfile.encoding=UTF-8 
java_command: com.geeklib.ether.EtherApplication -DfileEncoding=UTF-8
java_class_path (initial): C:\Users\user\AppData\Local\Temp\cp_5aviyl6fbad2hrzdrhtibvefe.jar
Launcher Type: SUN_STANDARD

Environment Variables:
JAVA_HOME=C:\Program Files\Java\jdk1.8.0_261
USERNAME=user
SHELL=C:\Program Files\Git\usr\bin\bash.exe
DISPLAY=needs-to-be-defined
OS=Windows_NT
PROCESSOR_IDENTIFIER=Intel64 Family 6 Model 154 Stepping 4, GenuineIntel



---------------  S Y S T E M  ---------------

OS: Windows 10.0 , 64 bit Build 26100 (10.0.26100.2454)

CPU:total 12 (initial active 12) (6 cores per cpu, 2 threads per core) family 6 model 154 stepping 4, cmov, cx8, fxsr, mmx, sse, sse2, sse3, ssse3, sse4.1, sse4.2, popcnt, avx, avx2, aes, clmul, erms, 3dnowpref, lzcnt, ht, tsc, tscinvbit, bmi1, bmi2, adx

Memory: 4k page, physical 16454388k(3543272k free), swap 16454388k(12196k free)

vm_info: Java HotSpot(TM) 64-Bit Server VM (25.261-b12) for windows-amd64 JRE (1.8.0_261-b12), built on Jun 18 2020 06:56:32 by "" with unknown MS VC++:1916

time: Wed Jan 15 09:02:12 2025
timezone: 中国标准时间
elapsed time: 37 seconds (0d 0h 0m 37s)

