[INFO] [2025-01-10 17:37:28,932] org.hibernate.validator.internal.util.Version : HV000001: Hibernate Validator 6.2.4.Final
[INFO] [2025-01-10 17:37:28,968] org.springframework.boot.StartupInfoLogger : Starting EtherApplication using Java 1.8.0_261 on MCTEMP with PID 16768 (D:\Project\ether\target\classes started by user in D:\Project\ether)
[INFO] [2025-01-10 17:37:28,972] org.springframework.boot.SpringApplication : The following 1 profile is active: "dev"
[INFO] [2025-01-10 17:37:30,911] org.springframework.data.repository.config.RepositoryConfigurationDelegate : Multiple Spring Data modules found, entering strict repository configuration mode
[INFO] [2025-01-10 17:37:30,915] org.springframework.data.repository.config.RepositoryConfigurationDelegate : Bootstrapping Spring Data JPA repositories in DEFAULT mode.
[INFO] [2025-01-10 17:37:31,160] org.springframework.data.repository.config.RepositoryConfigurationDelegate : Finished Spring Data repository scanning in 226 ms. Found 2 JPA repository interfaces.
[INFO] [2025-01-10 17:37:31,177] org.springframework.data.repository.config.RepositoryConfigurationDelegate : Multiple Spring Data modules found, entering strict repository configuration mode
[INFO] [2025-01-10 17:37:31,179] org.springframework.data.repository.config.RepositoryConfigurationDelegate : Bootstrapping Spring Data Redis repositories in DEFAULT mode.
[INFO] [2025-01-10 17:37:31,216] org.springframework.data.repository.config.RepositoryConfigurationExtensionSupport : Spring Data Redis - Could not safely identify store assignment for repository candidate interface com.geeklib.ether.devops.mapper.ProjectMapper; If you want this repository to be a Redis repository, consider annotating your entities with one of these annotations: org.springframework.data.redis.core.RedisHash (preferred), or consider extending one of the following types with your repository: org.springframework.data.keyvalue.repository.KeyValueRepository
[INFO] [2025-01-10 17:37:31,220] org.springframework.data.repository.config.RepositoryConfigurationExtensionSupport : Spring Data Redis - Could not safely identify store assignment for repository candidate interface com.geeklib.ether.system.mapper.UserMapper; If you want this repository to be a Redis repository, consider annotating your entities with one of these annotations: org.springframework.data.redis.core.RedisHash (preferred), or consider extending one of the following types with your repository: org.springframework.data.keyvalue.repository.KeyValueRepository
[INFO] [2025-01-10 17:37:31,221] org.springframework.data.repository.config.RepositoryConfigurationDelegate : Finished Spring Data repository scanning in 20 ms. Found 0 Redis repository interfaces.
[INFO] [2025-01-10 17:37:31,610] org.springframework.context.support.PostProcessorRegistrationDelegate$BeanPostProcessorChecker : Bean 'org.apache.shiro.spring.boot.autoconfigure.ShiroBeanAutoConfiguration' of type [org.apache.shiro.spring.boot.autoconfigure.ShiroBeanAutoConfiguration$$EnhancerBySpringCGLIB$$645323f] is not eligible for getting processed by all BeanPostProcessors (for example: not eligible for auto-proxying)
[INFO] [2025-01-10 17:37:31,779] org.springframework.context.support.PostProcessorRegistrationDelegate$BeanPostProcessorChecker : Bean 'org.apache.shiro.spring.boot.autoconfigure.ShiroAnnotationProcessorAutoConfiguration' of type [org.apache.shiro.spring.boot.autoconfigure.ShiroAnnotationProcessorAutoConfiguration$$EnhancerBySpringCGLIB$$8d870e4] is not eligible for getting processed by all BeanPostProcessors (for example: not eligible for auto-proxying)
[INFO] [2025-01-10 17:37:31,786] org.springframework.context.support.PostProcessorRegistrationDelegate$BeanPostProcessorChecker : Bean 'shiroConfig' of type [com.geeklib.ether.config.ShiroConfig$$EnhancerBySpringCGLIB$$7bcb8dd] is not eligible for getting processed by all BeanPostProcessors (for example: not eligible for auto-proxying)
[INFO] [2025-01-10 17:37:32,391] org.springframework.context.support.PostProcessorRegistrationDelegate$BeanPostProcessorChecker : Bean '(inner bean)#2913ca3e' of type [org.springframework.beans.factory.config.PropertiesFactoryBean] is not eligible for getting processed by all BeanPostProcessors (for example: not eligible for auto-proxying)
[INFO] [2025-01-10 17:37:32,393] org.springframework.context.support.PostProcessorRegistrationDelegate$BeanPostProcessorChecker : Bean '(inner bean)#2913ca3e' of type [java.util.Properties] is not eligible for getting processed by all BeanPostProcessors (for example: not eligible for auto-proxying)
[INFO] [2025-01-10 17:37:32,394] org.springframework.context.support.PostProcessorRegistrationDelegate$BeanPostProcessorChecker : Bean '(inner bean)#7198ab9a' of type [org.springframework.data.repository.core.support.PropertiesBasedNamedQueries] is not eligible for getting processed by all BeanPostProcessors (for example: not eligible for auto-proxying)
[INFO] [2025-01-10 17:37:32,401] org.springframework.context.support.PostProcessorRegistrationDelegate$BeanPostProcessorChecker : Bean '(inner bean)#7dd3981e' of type [org.springframework.data.repository.core.support.RepositoryFragmentsFactoryBean] is not eligible for getting processed by all BeanPostProcessors (for example: not eligible for auto-proxying)
[INFO] [2025-01-10 17:37:32,402] org.springframework.context.support.PostProcessorRegistrationDelegate$BeanPostProcessorChecker : Bean '(inner bean)#7dd3981e' of type [org.springframework.data.repository.core.support.RepositoryComposition$RepositoryFragments] is not eligible for getting processed by all BeanPostProcessors (for example: not eligible for auto-proxying)
[INFO] [2025-01-10 17:37:32,410] org.springframework.context.support.PostProcessorRegistrationDelegate$BeanPostProcessorChecker : Bean 'hazelcastConfig' of type [com.geeklib.ether.config.HazelcastConfig$$EnhancerBySpringCGLIB$$3330b673] is not eligible for getting processed by all BeanPostProcessors (for example: not eligible for auto-proxying)
[INFO] [2025-01-10 17:37:42,266] org.springframework.context.support.PostProcessorRegistrationDelegate$BeanPostProcessorChecker : Bean 'hazelcastInstance' of type [com.hazelcast.instance.impl.HazelcastInstanceProxy] is not eligible for getting processed by all BeanPostProcessors (for example: not eligible for auto-proxying)
[INFO] [2025-01-10 17:37:42,276] org.springframework.context.support.PostProcessorRegistrationDelegate$BeanPostProcessorChecker : Bean 'org.springframework.boot.autoconfigure.sql.init.DataSourceInitializationConfiguration' of type [org.springframework.boot.autoconfigure.sql.init.DataSourceInitializationConfiguration] is not eligible for getting processed by all BeanPostProcessors (for example: not eligible for auto-proxying)
[INFO] [2025-01-10 17:37:42,281] org.springframework.context.support.PostProcessorRegistrationDelegate$BeanPostProcessorChecker : Bean 'org.springframework.boot.autoconfigure.jdbc.DataSourceConfiguration$Hikari' of type [org.springframework.boot.autoconfigure.jdbc.DataSourceConfiguration$Hikari] is not eligible for getting processed by all BeanPostProcessors (for example: not eligible for auto-proxying)
[INFO] [2025-01-10 17:37:42,331] org.springframework.context.support.PostProcessorRegistrationDelegate$BeanPostProcessorChecker : Bean 'spring.datasource-org.springframework.boot.autoconfigure.jdbc.DataSourceProperties' of type [org.springframework.boot.autoconfigure.jdbc.DataSourceProperties] is not eligible for getting processed by all BeanPostProcessors (for example: not eligible for auto-proxying)
[INFO] [2025-01-10 17:37:42,367] org.springframework.context.support.PostProcessorRegistrationDelegate$BeanPostProcessorChecker : Bean 'dataSource' of type [com.zaxxer.hikari.HikariDataSource] is not eligible for getting processed by all BeanPostProcessors (for example: not eligible for auto-proxying)
[INFO] [2025-01-10 17:37:42,375] org.springframework.context.support.PostProcessorRegistrationDelegate$BeanPostProcessorChecker : Bean 'spring.sql.init-org.springframework.boot.autoconfigure.sql.init.SqlInitializationProperties' of type [org.springframework.boot.autoconfigure.sql.init.SqlInitializationProperties] is not eligible for getting processed by all BeanPostProcessors (for example: not eligible for auto-proxying)
[INFO] [2025-01-10 17:37:42,385] org.springframework.context.support.PostProcessorRegistrationDelegate$BeanPostProcessorChecker : Bean 'dataSourceScriptDatabaseInitializer' of type [org.springframework.boot.autoconfigure.sql.init.SqlDataSourceScriptDatabaseInitializer] is not eligible for getting processed by all BeanPostProcessors (for example: not eligible for auto-proxying)
[INFO] [2025-01-10 17:37:42,393] org.springframework.context.support.PostProcessorRegistrationDelegate$BeanPostProcessorChecker : Bean 'spring.jpa-org.springframework.boot.autoconfigure.orm.jpa.JpaProperties' of type [org.springframework.boot.autoconfigure.orm.jpa.JpaProperties] is not eligible for getting processed by all BeanPostProcessors (for example: not eligible for auto-proxying)
[INFO] [2025-01-10 17:37:42,400] org.springframework.context.support.PostProcessorRegistrationDelegate$BeanPostProcessorChecker : Bean 'spring.jpa.hibernate-org.springframework.boot.autoconfigure.orm.jpa.HibernateProperties' of type [org.springframework.boot.autoconfigure.orm.jpa.HibernateProperties] is not eligible for getting processed by all BeanPostProcessors (for example: not eligible for auto-proxying)
[INFO] [2025-01-10 17:37:42,406] org.springframework.context.support.PostProcessorRegistrationDelegate$BeanPostProcessorChecker : Bean 'org.springframework.boot.autoconfigure.jdbc.metadata.DataSourcePoolMetadataProvidersConfiguration$HikariPoolDataSourceMetadataProviderConfiguration' of type [org.springframework.boot.autoconfigure.jdbc.metadata.DataSourcePoolMetadataProvidersConfiguration$HikariPoolDataSourceMetadataProviderConfiguration] is not eligible for getting processed by all BeanPostProcessors (for example: not eligible for auto-proxying)
[INFO] [2025-01-10 17:37:42,408] org.springframework.context.support.PostProcessorRegistrationDelegate$BeanPostProcessorChecker : Bean 'hikariPoolDataSourceMetadataProvider' of type [org.springframework.boot.autoconfigure.jdbc.metadata.DataSourcePoolMetadataProvidersConfiguration$HikariPoolDataSourceMetadataProviderConfiguration$$Lambda$1826/602052569] is not eligible for getting processed by all BeanPostProcessors (for example: not eligible for auto-proxying)
[INFO] [2025-01-10 17:37:42,417] org.springframework.context.support.PostProcessorRegistrationDelegate$BeanPostProcessorChecker : Bean 'org.springframework.boot.autoconfigure.orm.jpa.HibernateJpaConfiguration' of type [org.springframework.boot.autoconfigure.orm.jpa.HibernateJpaConfiguration] is not eligible for getting processed by all BeanPostProcessors (for example: not eligible for auto-proxying)
[INFO] [2025-01-10 17:37:42,440] org.springframework.context.support.PostProcessorRegistrationDelegate$BeanPostProcessorChecker : Bean 'jpaVendorAdapter' of type [org.springframework.orm.jpa.vendor.HibernateJpaVendorAdapter] is not eligible for getting processed by all BeanPostProcessors (for example: not eligible for auto-proxying)
[INFO] [2025-01-10 17:37:42,447] org.springframework.context.support.PostProcessorRegistrationDelegate$BeanPostProcessorChecker : Bean 'entityManagerFactoryBuilder' of type [org.springframework.boot.orm.jpa.EntityManagerFactoryBuilder] is not eligible for getting processed by all BeanPostProcessors (for example: not eligible for auto-proxying)
[INFO] [2025-01-10 17:37:43,074] org.hibernate.jpa.internal.util.LogHelper : HHH000204: Processing PersistenceUnitInfo [name: default]
[INFO] [2025-01-10 17:37:43,203] org.hibernate.Version : HHH000412: Hibernate ORM core version 5.6.10.Final
[INFO] [2025-01-10 17:37:43,596] org.hibernate.annotations.common.reflection.java.JavaReflectionManager : HCANN000001: Hibernate Commons Annotations {5.1.2.Final}
[INFO] [2025-01-10 17:37:43,868] org.hibernate.dialect.Dialect : HHH000400: Using dialect: org.hibernate.dialect.MySQL57Dialect
[INFO] [2025-01-10 17:37:44,620] org.hibernate.engine.transaction.jta.platform.internal.JtaPlatformInitiator : HHH000490: Using JtaPlatform implementation: [org.hibernate.engine.transaction.jta.platform.internal.NoJtaPlatform]
[INFO] [2025-01-10 17:37:44,631] org.springframework.orm.jpa.AbstractEntityManagerFactoryBean : Initialized JPA EntityManagerFactory for persistence unit 'default'
[INFO] [2025-01-10 17:37:44,635] org.springframework.context.support.PostProcessorRegistrationDelegate$BeanPostProcessorChecker : Bean 'entityManagerFactory' of type [org.springframework.orm.jpa.LocalContainerEntityManagerFactoryBean] is not eligible for getting processed by all BeanPostProcessors (for example: not eligible for auto-proxying)
[INFO] [2025-01-10 17:37:44,636] org.springframework.context.support.PostProcessorRegistrationDelegate$BeanPostProcessorChecker : Bean 'entityManagerFactory' of type [com.sun.proxy.$Proxy143] is not eligible for getting processed by all BeanPostProcessors (for example: not eligible for auto-proxying)
[INFO] [2025-01-10 17:37:44,699] org.springframework.context.support.PostProcessorRegistrationDelegate$BeanPostProcessorChecker : Bean '(inner bean)#2e8b24a1' of type [com.sun.proxy.$Proxy144] is not eligible for getting processed by all BeanPostProcessors (for example: not eligible for auto-proxying)
[INFO] [2025-01-10 17:37:44,735] org.springframework.context.support.PostProcessorRegistrationDelegate$BeanPostProcessorChecker : Bean 'jpaMappingContext' of type [org.springframework.data.jpa.repository.config.JpaMetamodelMappingContextFactoryBean] is not eligible for getting processed by all BeanPostProcessors (for example: not eligible for auto-proxying)
[INFO] [2025-01-10 17:37:44,737] org.springframework.context.support.PostProcessorRegistrationDelegate$BeanPostProcessorChecker : Bean 'jpaMappingContext' of type [org.springframework.data.jpa.mapping.JpaMetamodelMappingContext] is not eligible for getting processed by all BeanPostProcessors (for example: not eligible for auto-proxying)
[INFO] [2025-01-10 17:37:45,291] org.springframework.context.support.PostProcessorRegistrationDelegate$BeanPostProcessorChecker : Bean 'userMapper' of type [org.springframework.data.jpa.repository.support.JpaRepositoryFactoryBean] is not eligible for getting processed by all BeanPostProcessors (for example: not eligible for auto-proxying)
[INFO] [2025-01-10 17:37:45,294] org.springframework.context.support.PostProcessorRegistrationDelegate$BeanPostProcessorChecker : Bean 'userMapper' of type [com.sun.proxy.$Proxy147] is not eligible for getting processed by all BeanPostProcessors (for example: not eligible for auto-proxying)
[INFO] [2025-01-10 17:37:45,303] org.springframework.context.support.PostProcessorRegistrationDelegate$BeanPostProcessorChecker : Bean 'userServiceImpl' of type [com.geeklib.ether.system.service.impl.UserServiceImpl] is not eligible for getting processed by all BeanPostProcessors (for example: not eligible for auto-proxying)
[INFO] [2025-01-10 17:37:45,305] org.springframework.context.support.PostProcessorRegistrationDelegate$BeanPostProcessorChecker : Bean 'usernamePasswordRealm' of type [com.geeklib.ether.realm.UsernamePasswordRealm] is not eligible for getting processed by all BeanPostProcessors (for example: not eligible for auto-proxying)
[INFO] [2025-01-10 17:37:45,309] org.springframework.context.support.PostProcessorRegistrationDelegate$BeanPostProcessorChecker : Bean 'securityManager' of type [org.apache.shiro.web.mgt.DefaultWebSecurityManager] is not eligible for getting processed by all BeanPostProcessors (for example: not eligible for auto-proxying)
[INFO] [2025-01-10 17:37:45,329] org.springframework.context.support.PostProcessorRegistrationDelegate$BeanPostProcessorChecker : Bean 'authorizationAttributeSourceAdvisor' of type [org.apache.shiro.spring.security.interceptor.AuthorizationAttributeSourceAdvisor] is not eligible for getting processed by all BeanPostProcessors (for example: not eligible for auto-proxying)
[INFO] [2025-01-10 17:37:45,353] org.springframework.context.support.PostProcessorRegistrationDelegate$BeanPostProcessorChecker : Bean 'unauthorizedFilter' of type [com.geeklib.ether.filter.UnauthorizedFilter] is not eligible for getting processed by all BeanPostProcessors (for example: not eligible for auto-proxying)
[INFO] [2025-01-10 17:37:45,359] org.springframework.context.support.PostProcessorRegistrationDelegate$BeanPostProcessorChecker : Bean 'eventBus' of type [org.apache.shiro.event.support.DefaultEventBus] is not eligible for getting processed by all BeanPostProcessors (for example: not eligible for auto-proxying)
[INFO] [2025-01-10 17:37:45,855] org.springframework.boot.web.embedded.tomcat.TomcatWebServer : Tomcat initialized with port(s): 8080 (http)
[INFO] [2025-01-10 17:37:46,005] org.springframework.boot.web.servlet.context.ServletWebServerApplicationContext : Root WebApplicationContext: initialization completed in 16593 ms
[WARN] [2025-01-10 17:37:47,246] org.springframework.boot.autoconfigure.orm.jpa.JpaBaseConfiguration$JpaWebConfiguration : spring.jpa.open-in-view is enabled by default. Therefore, database queries may be performed during view rendering. Explicitly configure spring.jpa.open-in-view to disable this warning
[INFO] [2025-01-10 17:37:47,519] org.springframework.boot.autoconfigure.web.servlet.WelcomePageHandlerMapping : Adding welcome page: class path resource [static/index.html]
[WARN] [2025-01-10 17:37:47,783] org.springframework.boot.autoconfigure.mustache.MustacheAutoConfiguration : Cannot find template location: classpath:/templates/ (please add some templates, check your Mustache configuration, or set spring.mustache.check-template-location=false)
[WARN] [2025-01-10 17:37:49,807] org.springframework.boot.autoconfigure.freemarker.FreeMarkerAutoConfiguration : Cannot find template location(s): [classpath:/templates/] (please add some templates, check your FreeMarker configuration, or set spring.freemarker.checkTemplateLocation=false)
[WARN] [2025-01-10 17:37:49,809] org.springframework.boot.autoconfigure.groovy.template.GroovyTemplateAutoConfiguration$GroovyMarkupConfiguration : Cannot find template location: classpath:/templates/ (please add some templates, check your Groovy configuration, or set spring.groovy.template.check-template-location=false)
[INFO] [2025-01-10 17:37:50,273] org.springframework.boot.actuate.endpoint.web.EndpointLinksResolver : Exposing 1 endpoint(s) beneath base path '/actuator'
[INFO] [2025-01-10 17:37:50,357] org.springframework.boot.web.embedded.tomcat.TomcatWebServer : Tomcat started on port(s): 8080 (http) with context path ''
[INFO] [2025-01-10 17:37:50,377] org.springframework.boot.StartupInfoLogger : Started EtherApplication in 21.898 seconds (JVM running for 23.546)
[INFO] [2025-01-10 17:37:52,510] org.springframework.web.servlet.FrameworkServlet : Initializing Servlet 'dispatcherServlet'
[INFO] [2025-01-10 17:37:52,512] org.springframework.web.servlet.FrameworkServlet : Completed initialization in 1 ms
